<html>
<head>
<title>TestNG:  APITests</title>
<link href="../testng.css" rel="stylesheet" type="text/css" />
<link href="../my-testng.css" rel="stylesheet" type="text/css" />

<style type="text/css">
.log { display: none;} 
.stack-trace { display: none;} 
</style>
<script type="text/javascript">
<!--
function flip(e) {
  current = e.style.display;
  if (current == 'block') {
    e.style.display = 'none';
    return 0;
  }
  else {
    e.style.display = 'block';
    return 1;
  }
}

function toggleBox(szDivId, elem, msg1, msg2)
{
  var res = -1;  if (document.getElementById) {
    res = flip(document.getElementById(szDivId));
  }
  else if (document.all) {
    // this is the way old msie versions work
    res = flip(document.all[szDivId]);
  }
  if(elem) {
    if(res == 0) elem.innerHTML = msg1; else elem.innerHTML = msg2;
  }

}

function toggleAllBoxes() {
  if (document.getElementsByTagName) {
    d = document.getElementsByTagName('div');
    for (i = 0; i < d.length; i++) {
      if (d[i].className == 'log') {
        flip(d[i]);
      }
    }
  }
}

// -->
</script>

</head>
<body>
<h2 align='center'>APITests</h2><table border='1' align="center">
<tr>
<td>Tests passed/Failed/Skipped:</td><td>15/1/0</td>
</tr><tr>
<td>Started on:</td><td>Thu Jul 24 23:08:51 IST 2025</td>
</tr>
<tr><td>Total time:</td><td>6 seconds (6140 ms)</td>
</tr><tr>
<td>Included groups:</td><td></td>
</tr><tr>
<td>Excluded groups:</td><td></td>
</tr>
</table><p/>
<small><i>(Hover the method name to see the test class name)</i></small><p/>
<table width='100%' border='1' class='invocation-failed'>
<tr><td colspan='4' align='center'><b>FAILED TESTS</b></td></tr>
<tr><td><b>Test method</b></td>
<td><b>Attribute(s)</b></td>
<td width="30%"><b>Exception</b></td>
<td width="10%"><b>Time (seconds)</b></td>
<td><b>Instance</b></td>
</tr>
<tr>
<td title='com.bkstore.fastapi.tests.UserTests.testUserSignup_InvalidEmailFormat_Negative()'><b>testUserSignup_InvalidEmailFormat_Negative</b><br>Test class: com.bkstore.fastapi.tests.UserTests<br>Test method: Negative: POST /signup with invalid email format returns 500</td>
<td><div><pre>java.lang.AssertionError: 1 expectation failed.
Expected status code &lt;500&gt; but was &lt;400&gt;.

	at org.codehaus.groovy.runtime.callsite.ConstructorSite$ConstructorSiteNoUnwrap.callConstructor(ConstructorSite.java:86)
	at org.codehaus.groovy.runtime.callsite.CallSiteArray.defaultCallConstructor(CallSiteArray.java:57)
	at org.codehaus.groovy.runtime.callsite.AbstractCallSite.callConstructor(AbstractCallSite.java:263)
	at org.codehaus.groovy.runtime.callsite.AbstractCallSite.callConstructor(AbstractCallSite.java:277)
	at io.restassured.internal.ResponseSpecificationImpl$HamcrestAssertionClosure.validate(ResponseSpecificationImpl.groovy:512)
	at io.restassured.internal.ResponseSpecificationImpl$HamcrestAssertionClosure$validate$1.call(Unknown Source)
	at io.restassured.internal.ResponseSpecificationImpl.validateResponseIfRequired(ResponseSpecificationImpl.groovy:696)
	at io.restassured.internal.ResponseSpecificationImpl.this$2$validateResponseIfRequired(ResponseSpecificationImpl.groovy)
	at org.codehaus.groovy.runtime.callsite.PlainObjectMetaMethodSite.doInvoke(PlainObjectMetaMethodSite.java:43)
	at org.codehaus.groovy.runtime.callsite.PogoMetaMethodSite$PogoCachedMethodSiteNoUnwrapNoCoerce.invoke(PogoMetaMethodSite.java:198)
	at org.codehaus.groovy.runtime.callsite.PogoMetaMethodSite.callCurrent(PogoMetaMethodSite.java:62)
	at org.codehaus.groovy.runtime.callsite.AbstractCallSite.callCurrent(AbstractCallSite.java:185)
	at io.restassured.internal.ResponseSpecificationImpl.statusCode(ResponseSpecificationImpl.groovy:135)
	at io.restassured.specification.ResponseSpecification$statusCode$0.callCurrent(Unknown Source)
	at io.restassured.internal.ResponseSpecificationImpl.statusCode(ResponseSpecificationImpl.groovy:143)
	at io.restassured.internal.ValidatableResponseOptionsImpl.statusCode(ValidatableResponseOptionsImpl.java:89)
	at com.bkstore.fastapi.tests.UserTests.testUserSignup_InvalidEmailFormat_Negative(UserTests.java:161)
	at java.base/java.util.ArrayList.forEach(ArrayList.java:1541)
... Removed 41 stack frames</pre></div><a href='#' onClick='toggleBox("stack-trace870649842", this, "Click to show all stack frames", "Click to hide stack frames")'>Click to show all stack frames</a>
<div class='stack-trace' id='stack-trace870649842'><pre>java.lang.AssertionError: 1 expectation failed.
Expected status code &lt;500&gt; but was &lt;400&gt;.

	at java.base/jdk.internal.reflect.NativeConstructorAccessorImpl.newInstance0(Native Method)
	at java.base/jdk.internal.reflect.NativeConstructorAccessorImpl.newInstance(NativeConstructorAccessorImpl.java:62)
	at java.base/jdk.internal.reflect.DelegatingConstructorAccessorImpl.newInstance(DelegatingConstructorAccessorImpl.java:45)
	at java.base/java.lang.reflect.Constructor.newInstance(Constructor.java:490)
	at org.codehaus.groovy.reflection.CachedConstructor.invoke(CachedConstructor.java:73)
	at org.codehaus.groovy.reflection.CachedConstructor.doConstructorInvoke(CachedConstructor.java:60)
	at org.codehaus.groovy.runtime.callsite.ConstructorSite$ConstructorSiteNoUnwrap.callConstructor(ConstructorSite.java:86)
	at org.codehaus.groovy.runtime.callsite.CallSiteArray.defaultCallConstructor(CallSiteArray.java:57)
	at org.codehaus.groovy.runtime.callsite.AbstractCallSite.callConstructor(AbstractCallSite.java:263)
	at org.codehaus.groovy.runtime.callsite.AbstractCallSite.callConstructor(AbstractCallSite.java:277)
	at io.restassured.internal.ResponseSpecificationImpl$HamcrestAssertionClosure.validate(ResponseSpecificationImpl.groovy:512)
	at io.restassured.internal.ResponseSpecificationImpl$HamcrestAssertionClosure$validate$1.call(Unknown Source)
	at io.restassured.internal.ResponseSpecificationImpl.validateResponseIfRequired(ResponseSpecificationImpl.groovy:696)
	at io.restassured.internal.ResponseSpecificationImpl.this$2$validateResponseIfRequired(ResponseSpecificationImpl.groovy)
	at java.base/jdk.internal.reflect.NativeMethodAccessorImpl.invoke0(Native Method)
	at java.base/jdk.internal.reflect.NativeMethodAccessorImpl.invoke(NativeMethodAccessorImpl.java:62)
	at java.base/jdk.internal.reflect.DelegatingMethodAccessorImpl.invoke(DelegatingMethodAccessorImpl.java:43)
	at java.base/java.lang.reflect.Method.invoke(Method.java:566)
	at org.codehaus.groovy.runtime.callsite.PlainObjectMetaMethodSite.doInvoke(PlainObjectMetaMethodSite.java:43)
	at org.codehaus.groovy.runtime.callsite.PogoMetaMethodSite$PogoCachedMethodSiteNoUnwrapNoCoerce.invoke(PogoMetaMethodSite.java:198)
	at org.codehaus.groovy.runtime.callsite.PogoMetaMethodSite.callCurrent(PogoMetaMethodSite.java:62)
	at org.codehaus.groovy.runtime.callsite.AbstractCallSite.callCurrent(AbstractCallSite.java:185)
	at io.restassured.internal.ResponseSpecificationImpl.statusCode(ResponseSpecificationImpl.groovy:135)
	at io.restassured.specification.ResponseSpecification$statusCode$0.callCurrent(Unknown Source)
	at io.restassured.internal.ResponseSpecificationImpl.statusCode(ResponseSpecificationImpl.groovy:143)
	at io.restassured.internal.ValidatableResponseOptionsImpl.statusCode(ValidatableResponseOptionsImpl.java:89)
	at com.bkstore.fastapi.tests.UserTests.testUserSignup_InvalidEmailFormat_Negative(UserTests.java:161)
	at java.base/jdk.internal.reflect.NativeMethodAccessorImpl.invoke0(Native Method)
	at java.base/jdk.internal.reflect.NativeMethodAccessorImpl.invoke(NativeMethodAccessorImpl.java:62)
	at java.base/jdk.internal.reflect.DelegatingMethodAccessorImpl.invoke(DelegatingMethodAccessorImpl.java:43)
	at java.base/java.lang.reflect.Method.invoke(Method.java:566)
	at org.testng.internal.invokers.MethodInvocationHelper.invokeMethod(MethodInvocationHelper.java:141)
	at org.testng.internal.invokers.TestInvoker.invokeMethod(TestInvoker.java:686)
	at org.testng.internal.invokers.TestInvoker.invokeTestMethod(TestInvoker.java:230)
	at org.testng.internal.invokers.MethodRunner.runInSequence(MethodRunner.java:63)
	at org.testng.internal.invokers.TestInvoker$MethodInvocationAgent.invoke(TestInvoker.java:992)
	at org.testng.internal.invokers.TestInvoker.invokeTestMethods(TestInvoker.java:203)
	at org.testng.internal.invokers.TestMethodWorker.invokeTestMethods(TestMethodWorker.java:154)
	at org.testng.internal.invokers.TestMethodWorker.run(TestMethodWorker.java:134)
	at java.base/java.util.ArrayList.forEach(ArrayList.java:1541)
	at org.testng.TestRunner.privateRun(TestRunner.java:739)
	at org.testng.TestRunner.run(TestRunner.java:614)
	at org.testng.SuiteRunner.runTest(SuiteRunner.java:421)
	at org.testng.SuiteRunner.runSequentially(SuiteRunner.java:413)
	at org.testng.SuiteRunner.privateRun(SuiteRunner.java:373)
	at org.testng.SuiteRunner.run(SuiteRunner.java:312)
	at org.testng.SuiteRunnerWorker.runSuite(SuiteRunnerWorker.java:52)
	at org.testng.SuiteRunnerWorker.run(SuiteRunnerWorker.java:95)
	at org.testng.TestNG.runSuitesSequentially(TestNG.java:1274)
	at org.testng.TestNG.runSuitesLocally(TestNG.java:1208)
	at org.testng.TestNG.runSuites(TestNG.java:1112)
	at org.testng.TestNG.run(TestNG.java:1079)
	at org.apache.maven.surefire.testng.TestNGExecutor.run(TestNGExecutor.java:308)
	at org.apache.maven.surefire.testng.TestNGXmlTestSuite.execute(TestNGXmlTestSuite.java:71)
	at org.apache.maven.surefire.testng.TestNGProvider.invoke(TestNGProvider.java:113)
	at org.apache.maven.surefire.booter.ForkedBooter.runSuitesInProcess(ForkedBooter.java:385)
	at org.apache.maven.surefire.booter.ForkedBooter.execute(ForkedBooter.java:162)
	at org.apache.maven.surefire.booter.ForkedBooter.run(ForkedBooter.java:507)
	at org.apache.maven.surefire.booter.ForkedBooter.main(ForkedBooter.java:495)
</pre></div></td>
<td>0</td>
<td>com.bkstore.fastapi.tests.UserTests@18a3962d</td></tr>
</table><p>
<table width='100%' border='1' class='invocation-passed'>
<tr><td colspan='4' align='center'><b>PASSED TESTS</b></td></tr>
<tr><td><b>Test method</b></td>
<td><b>Attribute(s)</b></td>
<td width="30%"><b>Exception</b></td>
<td width="10%"><b>Time (seconds)</b></td>
<td><b>Instance</b></td>
</tr>
<tr>
<td title='com.bkstore.fastapi.tests.BookTests.testGetAllBooks_Positive()'><b>testGetAllBooks_Positive</b><br>Test class: com.bkstore.fastapi.tests.BookTests<br>Test method: Verify GET /books/ retrieves all books with authentication</td>
<td></td>
<td>0</td>
<td>com.bkstore.fastapi.tests.BookTests@78aea4b9</td></tr>
<tr>
<td title='com.bkstore.fastapi.tests.BookTests.testCreateBook_Positive()'><b>testCreateBook_Positive</b><br>Test class: com.bkstore.fastapi.tests.BookTests<br>Test method: Verify POST /books creates a new book with authentication</td>
<td></td>
<td>0</td>
<td>com.bkstore.fastapi.tests.BookTests@78aea4b9</td></tr>
<tr>
<td title='com.bkstore.fastapi.tests.UserTests.testUserSignup_MissingEmail_Negative()'><b>testUserSignup_MissingEmail_Negative</b><br>Test class: com.bkstore.fastapi.tests.UserTests<br>Test method: Negative: POST /signup with missing email returns 500 internal server error</td>
<td></td>
<td>0</td>
<td>com.bkstore.fastapi.tests.UserTests@18a3962d</td></tr>
<tr>
<td title='com.bkstore.fastapi.tests.common.HealthCheckTests.testApiHealthCheck()'><b>testApiHealthCheck</b><br>Test class: com.bkstore.fastapi.tests.common.HealthCheckTests<br>Test method: Verify API health check endpoint is reachable and returns 200 OK</td>
<td></td>
<td>1</td>
<td>com.bkstore.fastapi.tests.common.HealthCheckTests@53e211ee</td></tr>
<tr>
<td title='com.bkstore.fastapi.tests.BookTests.testDeleteBookById_NotFound_Negative()'><b>testDeleteBookById_NotFound_Negative</b><br>Test class: com.bkstore.fastapi.tests.BookTests<br>Test method: Verify DELETE /books/{id} with non-existent ID returns 404 Not Found</td>
<td></td>
<td>0</td>
<td>com.bkstore.fastapi.tests.BookTests@78aea4b9</td></tr>
<tr>
<td title='com.bkstore.fastapi.tests.BookTests.testGetBookById_Positive()'><b>testGetBookById_Positive</b><br>Test class: com.bkstore.fastapi.tests.BookTests<br>Test method: Verify GET /books/{id} retrieves the created book with authentication</td>
<td></td>
<td>0</td>
<td>com.bkstore.fastapi.tests.BookTests@78aea4b9</td></tr>
<tr>
<td title='com.bkstore.fastapi.tests.UserTests.testUserSignup_Positive()'><b>testUserSignup_Positive</b><br>Test class: com.bkstore.fastapi.tests.UserTests<br>Test method: Positive: Verify POST /signup creates a new user with random ID</td>
<td></td>
<td>0</td>
<td>com.bkstore.fastapi.tests.UserTests@18a3962d</td></tr>
<tr>
<td title='com.bkstore.fastapi.tests.UserTests.testUserLogin_InvalidCredentials_Negative()'><b>testUserLogin_InvalidCredentials_Negative</b><br>Test class: com.bkstore.fastapi.tests.UserTests<br>Test method: Negative: POST /login with invalid credentials returns 400 Bad request</td>
<td></td>
<td>0</td>
<td>com.bkstore.fastapi.tests.UserTests@18a3962d</td></tr>
<tr>
<td title='com.bkstore.fastapi.tests.UserTests.testUserSignup_MissingPassword_Negative()'><b>testUserSignup_MissingPassword_Negative</b><br>Test class: com.bkstore.fastapi.tests.UserTests<br>Test method: Negative: POST /signup with null password returns 500</td>
<td></td>
<td>0</td>
<td>com.bkstore.fastapi.tests.UserTests@18a3962d</td></tr>
<tr>
<td title='com.bkstore.fastapi.tests.UserTests.testUserLogin_Positive_Chained()'><b>testUserLogin_Positive_Chained</b><br>Test class: com.bkstore.fastapi.tests.UserTests<br>Test method: Positive: Verify POST /login logs in the previously signed up user (Chained)</td>
<td></td>
<td>0</td>
<td>com.bkstore.fastapi.tests.UserTests@18a3962d</td></tr>
<tr>
<td title='com.bkstore.fastapi.tests.UserTests.testUserSignup_ExistingEmail_Negative()'><b>testUserSignup_ExistingEmail_Negative</b><br>Test class: com.bkstore.fastapi.tests.UserTests<br>Test method: Negative: POST /signup with existing email returns 400 status</td>
<td></td>
<td>0</td>
<td>com.bkstore.fastapi.tests.UserTests@18a3962d</td></tr>
<tr>
<td title='com.bkstore.fastapi.tests.BookTests.testCreateBook_NoAuth_Negative()'><b>testCreateBook_NoAuth_Negative</b><br>Test class: com.bkstore.fastapi.tests.BookTests<br>Test method: Verify POST /books without authentication returns 401 Unauthorized</td>
<td></td>
<td>0</td>
<td>com.bkstore.fastapi.tests.BookTests@78aea4b9</td></tr>
<tr>
<td title='com.bkstore.fastapi.tests.BookTests.testGetBookById_NotFound_Negative()'><b>testGetBookById_NotFound_Negative</b><br>Test class: com.bkstore.fastapi.tests.BookTests<br>Test method: Verify GET /books/{id} with non-existent ID returns 404 Not Found</td>
<td></td>
<td>0</td>
<td>com.bkstore.fastapi.tests.BookTests@78aea4b9</td></tr>
<tr>
<td title='com.bkstore.fastapi.tests.BookTests.testDeleteBookById_Positive()'><b>testDeleteBookById_Positive</b><br>Test class: com.bkstore.fastapi.tests.BookTests<br>Test method: Verify DELETE /books/{id} deletes a book with authentication</td>
<td></td>
<td>0</td>
<td>com.bkstore.fastapi.tests.BookTests@78aea4b9</td></tr>
<tr>
<td title='com.bkstore.fastapi.tests.BookTests.testUpdateBookById_Positive()'><b>testUpdateBookById_Positive</b><br>Test class: com.bkstore.fastapi.tests.BookTests<br>Test method: Verify PUT /books/{id} updates an existing book with authentication</td>
<td></td>
<td>0</td>
<td>com.bkstore.fastapi.tests.BookTests@78aea4b9</td></tr>
</table><p>
</body>
</html>