<?xml version="1.0" encoding="UTF-8"?>
<!-- Generated by org.testng.reporters.JUnitXMLReporter -->
<testsuite ignored="2" hostname="RMoot06" failures="1" tests="16" name="APITests" time="6.14" errors="0" timestamp="2025-07-24T23:08:58 IST">
  <testcase classname="com.bkstore.fastapi.tests.common.HealthCheckTests" name="testApiHealthCheck" time="1.675"/>
  <testcase classname="com.bkstore.fastapi.tests.UserTests" name="testUserSignup_Positive" time="0.78"/>
  <testcase classname="com.bkstore.fastapi.tests.UserTests" name="testUserSignup_ExistingEmail_Negative" time="0.042"/>
  <testcase classname="com.bkstore.fastapi.tests.UserTests" name="testUserSignup_MissingEmail_Negative" time="0.424"/>
  <testcase classname="com.bkstore.fastapi.tests.UserTests" name="testUserSignup_MissingPassword_Negative" time="0.028"/>
  <testcase classname="com.bkstore.fastapi.tests.UserTests" name="testUserSignup_InvalidEmailFormat_Negative" time="0.052">
    <failure type="java.lang.AssertionError" message="1 expectation failed.
Expected status code &amp;lt;500&amp;gt; but was &amp;lt;400&amp;gt;.
">
      <![CDATA[java.lang.AssertionError: 1 expectation failed.
Expected status code <500> but was <400>.

at org.codehaus.groovy.runtime.callsite.ConstructorSite$ConstructorSiteNoUnwrap.callConstructor(ConstructorSite.java:86)
at org.codehaus.groovy.runtime.callsite.CallSiteArray.defaultCallConstructor(CallSiteArray.java:57)
at org.codehaus.groovy.runtime.callsite.AbstractCallSite.callConstructor(AbstractCallSite.java:263)
at org.codehaus.groovy.runtime.callsite.AbstractCallSite.callConstructor(AbstractCallSite.java:277)
at io.restassured.internal.ResponseSpecificationImpl$HamcrestAssertionClosure.validate(ResponseSpecificationImpl.groovy:512)
at io.restassured.internal.ResponseSpecificationImpl$HamcrestAssertionClosure$validate$1.call(Unknown Source)
at io.restassured.internal.ResponseSpecificationImpl.validateResponseIfRequired(ResponseSpecificationImpl.groovy:696)
at io.restassured.internal.ResponseSpecificationImpl.this$2$validateResponseIfRequired(ResponseSpecificationImpl.groovy)
at org.codehaus.groovy.runtime.callsite.PlainObjectMetaMethodSite.doInvoke(PlainObjectMetaMethodSite.java:43)
at org.codehaus.groovy.runtime.callsite.PogoMetaMethodSite$PogoCachedMethodSiteNoUnwrapNoCoerce.invoke(PogoMetaMethodSite.java:198)
at org.codehaus.groovy.runtime.callsite.PogoMetaMethodSite.callCurrent(PogoMetaMethodSite.java:62)
at org.codehaus.groovy.runtime.callsite.AbstractCallSite.callCurrent(AbstractCallSite.java:185)
at io.restassured.internal.ResponseSpecificationImpl.statusCode(ResponseSpecificationImpl.groovy:135)
at io.restassured.specification.ResponseSpecification$statusCode$0.callCurrent(Unknown Source)
at io.restassured.internal.ResponseSpecificationImpl.statusCode(ResponseSpecificationImpl.groovy:143)
at io.restassured.internal.ValidatableResponseOptionsImpl.statusCode(ValidatableResponseOptionsImpl.java:89)
at com.bkstore.fastapi.tests.UserTests.testUserSignup_InvalidEmailFormat_Negative(UserTests.java:161)
at java.base/java.util.ArrayList.forEach(ArrayList.java:1541)
... Removed 41 stack frames]]>
    </failure>
  </testcase> <!-- testUserSignup_InvalidEmailFormat_Negative -->
  <testcase classname="com.bkstore.fastapi.tests.UserTests" name="testUserLogin_Positive_Chained" time="0.558"/>
  <testcase classname="com.bkstore.fastapi.tests.UserTests" name="testUserLogin_InvalidCredentials_Negative" time="0.04"/>
  <testcase classname="com.bkstore.fastapi.tests.BookTests" name="testCreateBook_Positive" time="0.185"/>
  <testcase classname="com.bkstore.fastapi.tests.BookTests" name="testGetBookById_Positive" time="0.049"/>
  <testcase classname="com.bkstore.fastapi.tests.BookTests" name="testUpdateBookById_Positive" time="0.445"/>
  <testcase classname="com.bkstore.fastapi.tests.BookTests" name="testDeleteBookById_Positive" time="0.129"/>
  <testcase classname="com.bkstore.fastapi.tests.BookTests" name="testGetAllBooks_Positive" time="0.065"/>
  <testcase classname="com.bkstore.fastapi.tests.BookTests" name="testCreateBook_NoAuth_Negative" time="0.032"/>
  <testcase classname="com.bkstore.fastapi.tests.BookTests" name="testGetBookById_NotFound_Negative" time="0.032"/>
  <testcase classname="com.bkstore.fastapi.tests.BookTests" name="testDeleteBookById_NotFound_Negative" time="0.046"/>
  <testcase classname="com.bkstore.fastapi.common.BaseTest" name="@BeforeSuite setup" time="0.0">
    <ignored/>
  </testcase> <!-- @BeforeSuite setup -->
  <testcase classname="com.bkstore.fastapi.common.BaseTest" name="@BeforeSuite setup" time="0.0">
    <ignored/>
  </testcase> <!-- @BeforeSuite setup -->
</testsuite> <!-- APITests -->
