2025-07-24 07:11:48 [main] INFO  org.testng.internal.Utils - [TestNG] Running:
  Command line suite

2025-07-24 07:11:48 [main] INFO  com.bkstore.fastapi.utilities.EnvironmentManager - Active Environment: DEV
2025-07-24 07:11:48 [main] INFO  com.bkstore.fastapi.utilities.ConfigReader - Loaded properties from: src/test/resources/configs/config-dev.properties
2025-07-24 07:11:49 [main] INFO  com.bkstore.fastapi.tests.UserTests - Base URI set to: http://127.0.0.1:8000
2025-07-24 07:11:49 [main] INFO  com.bkstore.fastapi.tests.UserTests - Executing testUserSignup_Positive
2025-07-24 07:11:49 [main] INFO  com.bkstore.fastapi.tests.UserTests - Attempting to sign up user with ID: 89418, Email: testuser_a63bf317@example.com
2025-07-24 07:14:35 [main] INFO  org.testng.internal.Utils - [TestNG] Running:
  Command line suite

2025-07-24 07:14:35 [main] INFO  com.bkstore.fastapi.utilities.EnvironmentManager - Active Environment: DEV
2025-07-24 07:14:35 [main] INFO  com.bkstore.fastapi.utilities.ConfigReader - Loaded properties from: src/test/resources/configs/config-dev.properties
2025-07-24 07:14:36 [main] INFO  com.bkstore.fastapi.tests.UserTests - Base URI set to: http://127.0.0.1:8000
2025-07-24 07:14:36 [main] INFO  com.bkstore.fastapi.tests.UserTests - Executing testUserSignup_Positive
2025-07-24 07:14:36 [main] INFO  com.bkstore.fastapi.tests.UserTests - Attempting to sign up user with ID: 65818, Email: testuser_9f79b886@example.com
2025-07-24 07:20:21 [main] INFO  org.testng.internal.Utils - [TestNG] Running:
  Command line suite

2025-07-24 07:20:21 [main] INFO  com.bkstore.fastapi.utilities.EnvironmentManager - Active Environment: DEV
2025-07-24 07:20:21 [main] INFO  com.bkstore.fastapi.utilities.ConfigReader - Loaded properties from: src/test/resources/configs/config-dev.properties
2025-07-24 07:20:22 [main] INFO  com.bkstore.fastapi.tests.UserTests - Base URI set to: http://127.0.0.1:8000
2025-07-24 07:20:22 [main] INFO  com.bkstore.fastapi.tests.UserTests - Executing testUserSignup_Positive
2025-07-24 07:20:22 [main] INFO  com.bkstore.fastapi.tests.UserTests - Attempting to sign up user with ID: 13983, Email: testuser_4bdd5121@example.com
2025-07-24 07:21:18 [main] INFO  com.bkstore.fastapi.tests.UserTests - User signup successful. User ID: null
2025-07-24 07:21:18 [main] INFO  com.bkstore.fastapi.tests.UserTests - testUserSignup_Positive PASSED.
2025-07-24 09:54:48 [main] INFO  org.testng.internal.Utils - [TestNG] Running:
  Command line suite

2025-07-24 09:54:48 [main] INFO  com.bkstore.fastapi.utilities.EnvironmentManager - Active Environment: DEV
2025-07-24 09:54:48 [main] INFO  com.bkstore.fastapi.utilities.ConfigReader - Loaded properties from: src/test/resources/configs/config-dev.properties
2025-07-24 09:54:49 [main] INFO  com.bkstore.fastapi.tests.UserTestsChained - UserTests specific setup: Ensuring a user exists for login tests and attempting to obtain an auth token if needed.
2025-07-24 09:57:08 [main] INFO  com.bkstore.fastapi.tests.UserTestsChained - Pre-registered generic user for login setup: generic_testuser_693a6635@example.com
2025-07-24 10:46:46 [main] INFO  org.testng.internal.Utils - [TestNG] Running:
  Command line suite

2025-07-24 10:46:46 [main] INFO  com.bkstore.fastapi.utilities.EnvironmentManager - Active Environment: DEV
2025-07-24 10:46:46 [main] INFO  com.bkstore.fastapi.utilities.ConfigReader - Loaded properties from: src/test/resources/configs/config-dev.properties
2025-07-24 10:46:46 [main] INFO  com.bkstore.fastapi.tests.BookTests - BookTests setup: Initiating user signup and login to obtain authentication token.
2025-07-24 10:46:55 [main] INFO  com.bkstore.fastapi.tests.BookTests - Attempting to sign up user: book_test_user_1df8d44c@example.com
2025-07-24 10:46:57 [main] INFO  com.bkstore.fastapi.tests.BookTests - User signed up successfully: book_test_user_1df8d44c@example.com
2025-07-24 10:47:40 [main] INFO  com.bkstore.fastapi.tests.BookTests - Attempting to log in user: book_test_user_1df8d44c@example.com
2025-07-24 10:48:22 [main] INFO  com.bkstore.fastapi.tests.BookTests - Successfully obtained Auth Token for book_test_user_1df8d44c@example.com. Token (first 10 chars): eyJ0eXAiOi...
2025-07-24 10:48:22 [main] INFO  com.bkstore.fastapi.tests.BookTests - Authentication setup for BookTests completed successfully.
2025-07-24 10:48:22 [main] INFO  com.bkstore.fastapi.tests.BookTests - Executing testCreateBook_Positive
2025-07-24 11:13:07 [main] INFO  com.bkstore.fastapi.tests.BookTests - Executing testGetAllBooks_Positive
2025-07-24 11:13:08 [main] INFO  com.bkstore.fastapi.tests.BookTests - testGetAllBooks_Positive PASSED.
2025-07-24 11:13:08 [main] INFO  com.bkstore.fastapi.tests.BookTests - Executing testGetBookById_NotFound_Negative
2025-07-24 11:13:08 [main] INFO  com.bkstore.fastapi.tests.BookTests - testGetBookById_NotFound_Negative PASSED.
2025-07-24 11:13:08 [main] INFO  com.bkstore.fastapi.tests.BookTests - Executing testDeleteBookById_NotFound_Negative
2025-07-24 11:13:08 [main] INFO  com.bkstore.fastapi.tests.BookTests - testDeleteBookById_NotFound_Negative PASSED.
2025-07-24 11:14:28 [main] INFO  org.testng.internal.Utils - [TestNG] Running:
  Command line suite

2025-07-24 11:14:28 [main] INFO  com.bkstore.fastapi.utilities.EnvironmentManager - Active Environment: DEV
2025-07-24 11:14:28 [main] INFO  com.bkstore.fastapi.utilities.ConfigReader - Loaded properties from: src/test/resources/configs/config-dev.properties
2025-07-24 11:14:29 [main] INFO  com.bkstore.fastapi.tests.BookTests - BookTests setup: Initiating user signup and login to obtain authentication token.
2025-07-24 11:14:29 [main] INFO  com.bkstore.fastapi.tests.BookTests - Attempting to sign up user: book_test_user_7820bd9a@example.com
2025-07-24 11:14:30 [main] INFO  com.bkstore.fastapi.tests.BookTests - User signed up successfully: book_test_user_7820bd9a@example.com
2025-07-24 11:14:30 [main] INFO  com.bkstore.fastapi.tests.BookTests - Attempting to log in user: book_test_user_7820bd9a@example.com
2025-07-24 11:14:30 [main] INFO  com.bkstore.fastapi.tests.BookTests - Successfully obtained Auth Token for book_test_user_7820bd9a@example.com. Token (first 10 chars): eyJ0eXAiOi...
2025-07-24 11:14:30 [main] INFO  com.bkstore.fastapi.tests.BookTests - Authentication setup for BookTests completed successfully.
2025-07-24 11:14:31 [main] INFO  com.bkstore.fastapi.tests.BookTests - Executing testCreateBook_Positive
2025-07-24 11:15:41 [main] INFO  org.testng.internal.Utils - [TestNG] Running:
  Command line suite

2025-07-24 11:15:41 [main] INFO  com.bkstore.fastapi.utilities.EnvironmentManager - Active Environment: DEV
2025-07-24 11:15:41 [main] INFO  com.bkstore.fastapi.utilities.ConfigReader - Loaded properties from: src/test/resources/configs/config-dev.properties
2025-07-24 11:15:42 [main] INFO  com.bkstore.fastapi.tests.BookTests - BookTests setup: Initiating user signup and login to obtain authentication token.
2025-07-24 11:15:42 [main] INFO  com.bkstore.fastapi.tests.BookTests - Attempting to sign up user: book_test_user_2b2cb279@example.com
2025-07-24 11:15:44 [main] INFO  com.bkstore.fastapi.tests.BookTests - User signed up successfully: book_test_user_2b2cb279@example.com
2025-07-24 11:15:44 [main] INFO  com.bkstore.fastapi.tests.BookTests - Attempting to log in user: book_test_user_2b2cb279@example.com
2025-07-24 11:15:44 [main] INFO  com.bkstore.fastapi.tests.BookTests - Successfully obtained Auth Token for book_test_user_2b2cb279@example.com. Token (first 10 chars): eyJ0eXAiOi...
2025-07-24 11:15:44 [main] INFO  com.bkstore.fastapi.tests.BookTests - Authentication setup for BookTests completed successfully.
2025-07-24 11:15:45 [main] INFO  com.bkstore.fastapi.tests.BookTests - Executing testCreateBook_Positive
2025-07-24 11:19:42 [main] INFO  com.bkstore.fastapi.tests.BookTests - Book created with ID: 4. Name: Test Book 45a59f
2025-07-24 11:19:42 [main] INFO  com.bkstore.fastapi.tests.BookTests - testCreateBook_Positive PASSED.
2025-07-24 11:38:48 [main] INFO  org.testng.internal.Utils - [TestNG] Running:
  Command line suite

2025-07-24 11:38:48 [main] INFO  com.bkstore.fastapi.utilities.EnvironmentManager - Active Environment: DEV
2025-07-24 11:38:48 [main] INFO  com.bkstore.fastapi.utilities.ConfigReader - Loaded properties from: src/test/resources/configs/config-dev.properties
2025-07-24 11:38:48 [main] INFO  com.bkstore.fastapi.tests.BookTests - BookTests setup: Initiating user signup and login to obtain authentication token.
2025-07-24 11:38:48 [main] INFO  com.bkstore.fastapi.tests.BookTests - Attempting to sign up user: book_test_user_50218a59@example.com
2025-07-24 11:38:50 [main] INFO  com.bkstore.fastapi.tests.BookTests - User signed up successfully: book_test_user_50218a59@example.com
2025-07-24 11:38:50 [main] INFO  com.bkstore.fastapi.tests.BookTests - Attempting to log in user: book_test_user_50218a59@example.com
2025-07-24 11:38:50 [main] INFO  com.bkstore.fastapi.tests.BookTests - Successfully obtained Auth Token for book_test_user_50218a59@example.com. Token (first 10 chars): eyJ0eXAiOi...
2025-07-24 11:38:50 [main] INFO  com.bkstore.fastapi.tests.BookTests - Authentication setup for BookTests completed successfully.
2025-07-24 11:38:50 [main] INFO  com.bkstore.fastapi.tests.BookTests - Executing testCreateBook_Positive
2025-07-24 11:38:51 [main] INFO  com.bkstore.fastapi.tests.BookTests - Book created with ID: 5. Name: Test Book 50ba2b
2025-07-24 11:38:51 [main] INFO  com.bkstore.fastapi.tests.BookTests - testCreateBook_Positive PASSED.
2025-07-24 11:38:51 [main] INFO  com.bkstore.fastapi.tests.BookTests - Executing testGetBookById_Positive for Book ID: 5
2025-07-24 11:38:52 [main] INFO  com.bkstore.fastapi.tests.BookTests - testGetBookById_Positive PASSED.
2025-07-24 11:38:52 [main] INFO  com.bkstore.fastapi.tests.BookTests - Executing testUpdateBookById_Positive for Book ID: 5
2025-07-24 11:38:52 [main] INFO  com.bkstore.fastapi.tests.BookTests - testUpdateBookById_Positive PASSED.
2025-07-24 11:38:52 [main] INFO  com.bkstore.fastapi.tests.BookTests - Executing testDeleteBookById_Positive for Book ID: 5
2025-07-24 11:38:52 [main] INFO  com.bkstore.fastapi.tests.BookTests - Executing testGetAllBooks_Positive
2025-07-24 11:38:52 [main] INFO  com.bkstore.fastapi.tests.BookTests - testGetAllBooks_Positive PASSED.
2025-07-24 11:38:52 [main] INFO  com.bkstore.fastapi.tests.BookTests - Executing testGetBookById_NotFound_Negative
2025-07-24 11:38:52 [main] INFO  com.bkstore.fastapi.tests.BookTests - testGetBookById_NotFound_Negative PASSED.
2025-07-24 11:38:52 [main] INFO  com.bkstore.fastapi.tests.BookTests - Executing testDeleteBookById_NotFound_Negative
2025-07-24 11:38:52 [main] INFO  com.bkstore.fastapi.tests.BookTests - testDeleteBookById_NotFound_Negative PASSED.
2025-07-24 11:57:53 [main] INFO  org.testng.internal.Utils - [TestNG] Running:
  Command line suite

2025-07-24 11:57:53 [main] INFO  com.bkstore.fastapi.utilities.EnvironmentManager - Active Environment: DEV
2025-07-24 11:57:53 [main] INFO  com.bkstore.fastapi.utilities.ConfigReader - Loaded properties from: src/test/resources/configs/config-dev.properties
2025-07-24 11:57:53 [main] INFO  com.bkstore.fastapi.tests.BookTests - BookTests setup: Initiating user signup and login to obtain authentication token.
2025-07-24 11:57:53 [main] INFO  com.bkstore.fastapi.tests.BookTests - Attempting to sign up user: book_test_user_e8c0f3f8@example.com
2025-07-24 11:57:55 [main] INFO  com.bkstore.fastapi.tests.BookTests - User signed up successfully: book_test_user_e8c0f3f8@example.com
2025-07-24 11:57:55 [main] INFO  com.bkstore.fastapi.tests.BookTests - Attempting to log in user: book_test_user_e8c0f3f8@example.com
2025-07-24 11:57:55 [main] INFO  com.bkstore.fastapi.tests.BookTests - Successfully obtained Auth Token for book_test_user_e8c0f3f8@example.com. Token (first 10 chars): eyJ0eXAiOi...
2025-07-24 11:57:55 [main] INFO  com.bkstore.fastapi.tests.BookTests - Authentication setup for BookTests completed successfully.
2025-07-24 11:57:55 [main] INFO  com.bkstore.fastapi.tests.BookTests - Executing testCreateBook_Positive
2025-07-24 11:58:41 [main] INFO  org.testng.internal.Utils - [TestNG] Running:
  Command line suite

2025-07-24 11:58:41 [main] INFO  com.bkstore.fastapi.utilities.EnvironmentManager - Active Environment: DEV
2025-07-24 11:58:41 [main] INFO  com.bkstore.fastapi.utilities.ConfigReader - Loaded properties from: src/test/resources/configs/config-dev.properties
2025-07-24 11:58:41 [main] INFO  com.bkstore.fastapi.tests.BookTests - BookTests setup: Initiating user signup and login to obtain authentication token.
2025-07-24 11:58:41 [main] INFO  com.bkstore.fastapi.tests.BookTests - Attempting to sign up user: book_test_user_d3130da6@example.com
2025-07-24 11:58:43 [main] INFO  com.bkstore.fastapi.tests.BookTests - User signed up successfully: book_test_user_d3130da6@example.com
2025-07-24 11:58:43 [main] INFO  com.bkstore.fastapi.tests.BookTests - Attempting to log in user: book_test_user_d3130da6@example.com
2025-07-24 11:58:44 [main] INFO  com.bkstore.fastapi.tests.BookTests - Successfully obtained Auth Token for book_test_user_d3130da6@example.com. Token (first 10 chars): eyJ0eXAiOi...
2025-07-24 11:58:44 [main] INFO  com.bkstore.fastapi.tests.BookTests - Authentication setup for BookTests completed successfully.
2025-07-24 11:58:44 [main] INFO  com.bkstore.fastapi.tests.BookTests - Executing testCreateBook_Positive
2025-07-24 11:59:04 [main] INFO  com.bkstore.fastapi.tests.BookTests - Book created with ID: 6. Name: Test Book f497e6
2025-07-24 11:59:04 [main] INFO  com.bkstore.fastapi.tests.BookTests - testCreateBook_Positive PASSED.
2025-07-24 11:59:04 [main] INFO  com.bkstore.fastapi.tests.BookTests - Executing testGetBookById_Positive for Book ID: 6
2025-07-24 11:59:04 [main] INFO  com.bkstore.fastapi.tests.BookTests - testGetBookById_Positive PASSED.
2025-07-24 11:59:05 [main] INFO  com.bkstore.fastapi.tests.BookTests - Executing testUpdateBookById_Positive for Book ID: 6
2025-07-24 11:59:05 [main] INFO  com.bkstore.fastapi.tests.BookTests - testUpdateBookById_Positive PASSED.
2025-07-24 11:59:05 [main] INFO  com.bkstore.fastapi.tests.BookTests - Executing testDeleteBookById_Positive for Book ID: 6
2025-07-24 11:59:05 [main] INFO  com.bkstore.fastapi.tests.BookTests - Executing testGetAllBooks_Positive
2025-07-24 11:59:12 [main] INFO  com.bkstore.fastapi.tests.BookTests - testGetAllBooks_Positive PASSED.
2025-07-24 11:59:12 [main] INFO  com.bkstore.fastapi.tests.BookTests - Executing testCreateBook_NoAuth_Negative
2025-07-24 11:59:12 [main] INFO  com.bkstore.fastapi.tests.BookTests - Executing testGetBookById_NotFound_Negative
2025-07-24 11:59:12 [main] INFO  com.bkstore.fastapi.tests.BookTests - testGetBookById_NotFound_Negative PASSED.
2025-07-24 11:59:12 [main] INFO  com.bkstore.fastapi.tests.BookTests - Executing testDeleteBookById_NotFound_Negative
2025-07-24 11:59:12 [main] INFO  com.bkstore.fastapi.tests.BookTests - testDeleteBookById_NotFound_Negative PASSED.
2025-07-24 12:05:25 [main] INFO  org.testng.internal.Utils - [TestNG] Running:
  Command line suite

2025-07-24 12:05:25 [main] INFO  com.bkstore.fastapi.utilities.EnvironmentManager - Active Environment: DEV
2025-07-24 12:05:25 [main] INFO  com.bkstore.fastapi.utilities.ConfigReader - Loaded properties from: src/test/resources/configs/config-dev.properties
2025-07-24 12:05:25 [main] INFO  com.bkstore.fastapi.tests.BookTests - BookTests setup: Initiating user signup and login to obtain authentication token.
2025-07-24 12:05:25 [main] INFO  com.bkstore.fastapi.tests.BookTests - Attempting to sign up user: book_test_user_1f8575a3@example.com
2025-07-24 12:05:27 [main] INFO  com.bkstore.fastapi.tests.BookTests - User signed up successfully: book_test_user_1f8575a3@example.com
2025-07-24 12:05:27 [main] INFO  com.bkstore.fastapi.tests.BookTests - Attempting to log in user: book_test_user_1f8575a3@example.com
2025-07-24 12:05:27 [main] INFO  com.bkstore.fastapi.tests.BookTests - Successfully obtained Auth Token for book_test_user_1f8575a3@example.com. Token (first 10 chars): eyJ0eXAiOi...
2025-07-24 12:05:27 [main] INFO  com.bkstore.fastapi.tests.BookTests - Authentication setup for BookTests completed successfully.
2025-07-24 12:05:28 [main] INFO  com.bkstore.fastapi.tests.BookTests - Executing testCreateBook_Positive
2025-07-24 12:05:28 [main] INFO  com.bkstore.fastapi.tests.BookTests - Book created with ID: 6. Name: Test Book 54a61d
2025-07-24 12:05:28 [main] INFO  com.bkstore.fastapi.tests.BookTests - testCreateBook_Positive PASSED.
2025-07-24 12:05:28 [main] INFO  com.bkstore.fastapi.tests.BookTests - Executing testGetBookById_Positive for Book ID: 6
2025-07-24 12:05:29 [main] INFO  com.bkstore.fastapi.tests.BookTests - testGetBookById_Positive PASSED.
2025-07-24 12:05:29 [main] INFO  com.bkstore.fastapi.tests.BookTests - Executing testUpdateBookById_Positive for Book ID: 6
2025-07-24 12:05:29 [main] INFO  com.bkstore.fastapi.tests.BookTests - testUpdateBookById_Positive PASSED.
2025-07-24 12:05:29 [main] INFO  com.bkstore.fastapi.tests.BookTests - Executing testDeleteBookById_Positive for Book ID: 6
2025-07-24 12:05:29 [main] INFO  com.bkstore.fastapi.tests.BookTests - Executing testGetAllBooks_Positive
2025-07-24 12:05:29 [main] INFO  com.bkstore.fastapi.tests.BookTests - testGetAllBooks_Positive PASSED.
2025-07-24 12:05:29 [main] INFO  com.bkstore.fastapi.tests.BookTests - Executing testCreateBook_NoAuth_Negative
2025-07-24 12:05:29 [main] INFO  com.bkstore.fastapi.tests.BookTests - Executing testGetBookById_NotFound_Negative
2025-07-24 12:05:29 [main] INFO  com.bkstore.fastapi.tests.BookTests - testGetBookById_NotFound_Negative PASSED.
2025-07-24 12:05:29 [main] INFO  com.bkstore.fastapi.tests.BookTests - Executing testDeleteBookById_NotFound_Negative
2025-07-24 12:05:29 [main] INFO  com.bkstore.fastapi.tests.BookTests - testDeleteBookById_NotFound_Negative PASSED.
2025-07-24 12:05:56 [main] INFO  org.testng.internal.Utils - [TestNG] Running:
  Command line suite

2025-07-24 12:05:56 [main] INFO  com.bkstore.fastapi.utilities.EnvironmentManager - Active Environment: DEV
2025-07-24 12:05:56 [main] INFO  com.bkstore.fastapi.utilities.ConfigReader - Loaded properties from: src/test/resources/configs/config-dev.properties
2025-07-24 12:05:57 [main] INFO  com.bkstore.fastapi.tests.BookTests - BookTests setup: Initiating user signup and login to obtain authentication token.
2025-07-24 12:05:57 [main] INFO  com.bkstore.fastapi.tests.BookTests - Attempting to sign up user: book_test_user_f9283eb5@example.com
2025-07-24 12:05:59 [main] INFO  com.bkstore.fastapi.tests.BookTests - User signed up successfully: book_test_user_f9283eb5@example.com
2025-07-24 12:05:59 [main] INFO  com.bkstore.fastapi.tests.BookTests - Attempting to log in user: book_test_user_f9283eb5@example.com
2025-07-24 12:05:59 [main] INFO  com.bkstore.fastapi.tests.BookTests - Successfully obtained Auth Token for book_test_user_f9283eb5@example.com. Token (first 10 chars): eyJ0eXAiOi...
2025-07-24 12:05:59 [main] INFO  com.bkstore.fastapi.tests.BookTests - Authentication setup for BookTests completed successfully.
2025-07-24 12:05:59 [main] INFO  com.bkstore.fastapi.tests.BookTests - Executing testCreateBook_Positive
2025-07-24 12:06:00 [main] INFO  com.bkstore.fastapi.tests.BookTests - Book created with ID: 6. Name: Test Book 96eef8
2025-07-24 12:06:00 [main] INFO  com.bkstore.fastapi.tests.BookTests - testCreateBook_Positive PASSED.
2025-07-24 12:06:00 [main] INFO  com.bkstore.fastapi.tests.BookTests - Executing testGetBookById_Positive for Book ID: 6
2025-07-24 12:06:01 [main] INFO  com.bkstore.fastapi.tests.BookTests - testGetBookById_Positive PASSED.
2025-07-24 12:06:01 [main] INFO  com.bkstore.fastapi.tests.BookTests - Executing testUpdateBookById_Positive for Book ID: 6
2025-07-24 12:06:01 [main] INFO  com.bkstore.fastapi.tests.BookTests - testUpdateBookById_Positive PASSED.
2025-07-24 12:06:01 [main] INFO  com.bkstore.fastapi.tests.BookTests - Executing testDeleteBookById_Positive for Book ID: 6
2025-07-24 12:06:01 [main] INFO  com.bkstore.fastapi.tests.BookTests - Executing testGetAllBooks_Positive
2025-07-24 12:06:01 [main] INFO  com.bkstore.fastapi.tests.BookTests - testGetAllBooks_Positive PASSED.
2025-07-24 12:06:01 [main] INFO  com.bkstore.fastapi.tests.BookTests - Executing testCreateBook_NoAuth_Negative
2025-07-24 12:06:01 [main] INFO  com.bkstore.fastapi.tests.BookTests - Executing testGetBookById_NotFound_Negative
2025-07-24 12:06:01 [main] INFO  com.bkstore.fastapi.tests.BookTests - testGetBookById_NotFound_Negative PASSED.
2025-07-24 12:06:01 [main] INFO  com.bkstore.fastapi.tests.BookTests - Executing testDeleteBookById_NotFound_Negative
2025-07-24 12:06:01 [main] INFO  com.bkstore.fastapi.tests.BookTests - testDeleteBookById_NotFound_Negative PASSED.
2025-07-24 12:06:46 [main] INFO  org.testng.internal.Utils - [TestNG] Running:
  Command line suite

2025-07-24 12:06:46 [main] INFO  com.bkstore.fastapi.utilities.EnvironmentManager - Active Environment: DEV
2025-07-24 12:06:46 [main] INFO  com.bkstore.fastapi.utilities.ConfigReader - Loaded properties from: src/test/resources/configs/config-dev.properties
2025-07-24 12:06:47 [main] INFO  com.bkstore.fastapi.tests.BookTests - BookTests setup: Initiating user signup and login to obtain authentication token.
2025-07-24 12:06:47 [main] INFO  com.bkstore.fastapi.tests.BookTests - Attempting to sign up user: book_test_user_e7f3a000@example.com
2025-07-24 12:06:48 [main] INFO  com.bkstore.fastapi.tests.BookTests - User signed up successfully: book_test_user_e7f3a000@example.com
2025-07-24 12:06:48 [main] INFO  com.bkstore.fastapi.tests.BookTests - Attempting to log in user: book_test_user_e7f3a000@example.com
2025-07-24 12:06:49 [main] INFO  com.bkstore.fastapi.tests.BookTests - Successfully obtained Auth Token for book_test_user_e7f3a000@example.com. Token (first 10 chars): eyJ0eXAiOi...
2025-07-24 12:06:49 [main] INFO  com.bkstore.fastapi.tests.BookTests - Authentication setup for BookTests completed successfully.
2025-07-24 12:06:49 [main] INFO  com.bkstore.fastapi.tests.BookTests - Executing testCreateBook_Positive
2025-07-24 12:06:50 [main] INFO  com.bkstore.fastapi.tests.BookTests - Book created with ID: 6. Name: Test Book d8e8bf
2025-07-24 12:06:50 [main] INFO  com.bkstore.fastapi.tests.BookTests - testCreateBook_Positive PASSED.
2025-07-24 12:06:50 [main] INFO  com.bkstore.fastapi.tests.BookTests - Executing testGetBookById_Positive for Book ID: 6
2025-07-24 12:06:50 [main] INFO  com.bkstore.fastapi.tests.BookTests - testGetBookById_Positive PASSED.
2025-07-24 12:06:50 [main] INFO  com.bkstore.fastapi.tests.BookTests - Executing testUpdateBookById_Positive for Book ID: 6
2025-07-24 12:06:50 [main] INFO  com.bkstore.fastapi.tests.BookTests - testUpdateBookById_Positive PASSED.
2025-07-24 12:06:50 [main] INFO  com.bkstore.fastapi.tests.BookTests - Executing testDeleteBookById_Positive for Book ID: 6
2025-07-24 12:06:50 [main] INFO  com.bkstore.fastapi.tests.BookTests - Executing testGetAllBooks_Positive
2025-07-24 12:06:50 [main] INFO  com.bkstore.fastapi.tests.BookTests - testGetAllBooks_Positive PASSED.
2025-07-24 12:06:50 [main] INFO  com.bkstore.fastapi.tests.BookTests - Executing testCreateBook_NoAuth_Negative
2025-07-24 12:06:50 [main] INFO  com.bkstore.fastapi.tests.BookTests - Executing testGetBookById_NotFound_Negative
2025-07-24 12:06:50 [main] INFO  com.bkstore.fastapi.tests.BookTests - testGetBookById_NotFound_Negative PASSED.
2025-07-24 12:06:50 [main] INFO  com.bkstore.fastapi.tests.BookTests - Executing testDeleteBookById_NotFound_Negative
2025-07-24 12:06:50 [main] INFO  com.bkstore.fastapi.tests.BookTests - testDeleteBookById_NotFound_Negative PASSED.
2025-07-24 12:08:26 [main] INFO  org.testng.internal.Utils - [TestNG] Running:
  Command line suite

2025-07-24 12:08:26 [main] INFO  com.bkstore.fastapi.utilities.EnvironmentManager - Active Environment: DEV
2025-07-24 12:08:26 [main] INFO  com.bkstore.fastapi.utilities.ConfigReader - Loaded properties from: src/test/resources/configs/config-dev.properties
2025-07-24 12:08:27 [main] INFO  com.bkstore.fastapi.tests.BookTests - BookTests setup: Initiating user signup and login to obtain authentication token.
2025-07-24 12:08:27 [main] INFO  com.bkstore.fastapi.tests.BookTests - Attempting to sign up user: book_test_user_54730113@example.com
2025-07-24 12:08:29 [main] INFO  com.bkstore.fastapi.tests.BookTests - User signed up successfully: book_test_user_54730113@example.com
2025-07-24 12:08:29 [main] INFO  com.bkstore.fastapi.tests.BookTests - Attempting to log in user: book_test_user_54730113@example.com
2025-07-24 12:08:29 [main] INFO  com.bkstore.fastapi.tests.BookTests - Successfully obtained Auth Token for book_test_user_54730113@example.com. Token (first 10 chars): eyJ0eXAiOi...
2025-07-24 12:08:29 [main] INFO  com.bkstore.fastapi.tests.BookTests - Authentication setup for BookTests completed successfully.
2025-07-24 12:08:29 [main] INFO  com.bkstore.fastapi.tests.BookTests - Executing testCreateBook_Positive
2025-07-24 12:08:30 [main] INFO  com.bkstore.fastapi.tests.BookTests - Book created with ID: 6. Name: Test Book 28ede2
2025-07-24 12:08:30 [main] INFO  com.bkstore.fastapi.tests.BookTests - testCreateBook_Positive PASSED.
2025-07-24 12:08:30 [main] INFO  com.bkstore.fastapi.tests.BookTests - Executing testGetBookById_Positive for Book ID: 6
2025-07-24 12:08:30 [main] INFO  com.bkstore.fastapi.tests.BookTests - testGetBookById_Positive PASSED.
2025-07-24 12:08:30 [main] INFO  com.bkstore.fastapi.tests.BookTests - Executing testUpdateBookById_Positive for Book ID: 6
2025-07-24 12:08:30 [main] INFO  com.bkstore.fastapi.tests.BookTests - testUpdateBookById_Positive PASSED.
2025-07-24 12:08:30 [main] INFO  com.bkstore.fastapi.tests.BookTests - Executing testDeleteBookById_Positive for Book ID: 6
2025-07-24 12:09:55 [main] INFO  com.bkstore.fastapi.tests.BookTests - Executing testGetAllBooks_Positive
2025-07-24 12:09:58 [main] INFO  com.bkstore.fastapi.tests.BookTests - testGetAllBooks_Positive PASSED.
2025-07-24 12:10:17 [main] INFO  com.bkstore.fastapi.tests.BookTests - Executing testCreateBook_NoAuth_Negative
2025-07-24 12:10:17 [main] INFO  com.bkstore.fastapi.tests.BookTests - Executing testGetBookById_NotFound_Negative
2025-07-24 12:10:18 [main] INFO  com.bkstore.fastapi.tests.BookTests - testGetBookById_NotFound_Negative PASSED.
2025-07-24 12:10:18 [main] INFO  com.bkstore.fastapi.tests.BookTests - Executing testDeleteBookById_NotFound_Negative
2025-07-24 12:10:18 [main] INFO  com.bkstore.fastapi.tests.BookTests - testDeleteBookById_NotFound_Negative PASSED.
2025-07-24 12:12:45 [main] INFO  org.testng.internal.Utils - [TestNG] Running:
  Command line suite

2025-07-24 12:12:45 [main] INFO  com.bkstore.fastapi.utilities.EnvironmentManager - Active Environment: DEV
2025-07-24 12:12:45 [main] INFO  com.bkstore.fastapi.utilities.ConfigReader - Loaded properties from: src/test/resources/configs/config-dev.properties
2025-07-24 12:12:46 [main] INFO  com.bkstore.fastapi.tests.BookTests - BookTests setup: Initiating user signup and login to obtain authentication token.
2025-07-24 12:12:46 [main] INFO  com.bkstore.fastapi.tests.BookTests - Attempting to sign up user: book_test_user_c3dc5697@example.com
2025-07-24 12:12:48 [main] INFO  com.bkstore.fastapi.tests.BookTests - User signed up successfully: book_test_user_c3dc5697@example.com
2025-07-24 12:12:48 [main] INFO  com.bkstore.fastapi.tests.BookTests - Attempting to log in user: book_test_user_c3dc5697@example.com
2025-07-24 12:12:48 [main] INFO  com.bkstore.fastapi.tests.BookTests - Successfully obtained Auth Token for book_test_user_c3dc5697@example.com. Token (first 10 chars): eyJ0eXAiOi...
2025-07-24 12:12:48 [main] INFO  com.bkstore.fastapi.tests.BookTests - Authentication setup for BookTests completed successfully.
2025-07-24 12:12:48 [main] INFO  com.bkstore.fastapi.tests.BookTests - Executing testCreateBook_Positive
2025-07-24 12:12:50 [main] INFO  com.bkstore.fastapi.tests.BookTests - Book created with ID: 6. Name: Test Book b6bc85
2025-07-24 12:12:50 [main] INFO  com.bkstore.fastapi.tests.BookTests - testCreateBook_Positive PASSED.
2025-07-24 12:12:50 [main] INFO  com.bkstore.fastapi.tests.BookTests - Executing testGetBookById_Positive for Book ID: 6
2025-07-24 12:12:50 [main] INFO  com.bkstore.fastapi.tests.BookTests - testGetBookById_Positive PASSED.
2025-07-24 12:12:50 [main] INFO  com.bkstore.fastapi.tests.BookTests - Executing testUpdateBookById_Positive for Book ID: 6
2025-07-24 12:12:50 [main] INFO  com.bkstore.fastapi.tests.BookTests - testUpdateBookById_Positive PASSED.
2025-07-24 12:12:50 [main] INFO  com.bkstore.fastapi.tests.BookTests - Executing testDeleteBookById_Positive for Book ID: 6
2025-07-24 12:13:25 [main] INFO  com.bkstore.fastapi.tests.BookTests - Executing testGetAllBooks_Positive
2025-07-24 12:13:25 [main] INFO  com.bkstore.fastapi.tests.BookTests - testGetAllBooks_Positive PASSED.
2025-07-24 12:13:25 [main] INFO  com.bkstore.fastapi.tests.BookTests - Executing testCreateBook_NoAuth_Negative
2025-07-24 12:13:25 [main] INFO  com.bkstore.fastapi.tests.BookTests - Executing testGetBookById_NotFound_Negative
2025-07-24 12:13:25 [main] INFO  com.bkstore.fastapi.tests.BookTests - testGetBookById_NotFound_Negative PASSED.
2025-07-24 12:13:25 [main] INFO  com.bkstore.fastapi.tests.BookTests - Executing testDeleteBookById_NotFound_Negative
2025-07-24 12:13:25 [main] INFO  com.bkstore.fastapi.tests.BookTests - testDeleteBookById_NotFound_Negative PASSED.
2025-07-24 12:17:09 [main] INFO  org.testng.internal.Utils - [TestNG] Running:
  Command line suite

2025-07-24 12:17:09 [main] INFO  com.bkstore.fastapi.utilities.EnvironmentManager - Active Environment: DEV
2025-07-24 12:17:09 [main] INFO  com.bkstore.fastapi.utilities.ConfigReader - Loaded properties from: src/test/resources/configs/config-dev.properties
2025-07-24 12:17:10 [main] INFO  com.bkstore.fastapi.tests.BookTests - BookTests setup: Initiating user signup and login to obtain authentication token.
2025-07-24 12:17:10 [main] INFO  com.bkstore.fastapi.tests.BookTests - Attempting to sign up user: book_test_user_09eec755@example.com
2025-07-24 12:17:12 [main] INFO  com.bkstore.fastapi.tests.BookTests - User signed up successfully: book_test_user_09eec755@example.com
2025-07-24 12:17:12 [main] INFO  com.bkstore.fastapi.tests.BookTests - Attempting to log in user: book_test_user_09eec755@example.com
2025-07-24 12:17:13 [main] INFO  com.bkstore.fastapi.tests.BookTests - Successfully obtained Auth Token for book_test_user_09eec755@example.com. Token (first 10 chars): eyJ0eXAiOi...
2025-07-24 12:17:13 [main] INFO  com.bkstore.fastapi.tests.BookTests - Authentication setup for BookTests completed successfully.
2025-07-24 12:17:13 [main] INFO  com.bkstore.fastapi.tests.BookTests - Executing testCreateBook_Positive
2025-07-24 12:17:20 [main] INFO  com.bkstore.fastapi.tests.BookTests - Book created with ID: 6. Name: Test Book 56b038
2025-07-24 12:17:20 [main] INFO  com.bkstore.fastapi.tests.BookTests - testCreateBook_Positive PASSED.
2025-07-24 12:17:20 [main] INFO  com.bkstore.fastapi.tests.BookTests - Executing testGetBookById_Positive for Book ID: 6
2025-07-24 12:34:41 [main] INFO  org.testng.internal.Utils - [TestNG] Running:
  Command line suite

2025-07-24 12:34:41 [main] INFO  com.bkstore.fastapi.utilities.EnvironmentManager - Active Environment: DEV
2025-07-24 12:34:41 [main] INFO  com.bkstore.fastapi.utilities.ConfigReader - Loaded properties from: src/test/resources/configs/config-dev.properties
2025-07-24 12:34:42 [main] INFO  com.bkstore.fastapi.tests.BookTests - BookTests setup: Initiating user signup and login to obtain authentication token.
2025-07-24 12:34:42 [main] INFO  com.bkstore.fastapi.tests.BookTests - Attempting to sign up user: book_test_user_0afa7407@example.com
2025-07-24 12:34:44 [main] INFO  com.bkstore.fastapi.tests.BookTests - User signed up successfully: book_test_user_0afa7407@example.com
2025-07-24 12:34:44 [main] INFO  com.bkstore.fastapi.tests.BookTests - Attempting to log in user: book_test_user_0afa7407@example.com
2025-07-24 12:34:44 [main] INFO  com.bkstore.fastapi.tests.BookTests - Successfully obtained Auth Token for book_test_user_0afa7407@example.com. Token (first 10 chars): eyJ0eXAiOi...
2025-07-24 12:34:44 [main] INFO  com.bkstore.fastapi.tests.BookTests - Authentication setup for BookTests completed successfully.
2025-07-24 12:34:44 [main] INFO  com.bkstore.fastapi.tests.BookTests - Executing testCreateBook_Positive
2025-07-24 12:35:18 [main] INFO  com.bkstore.fastapi.tests.BookTests - Book created with ID: 7. Name: Test Book 87ce10
2025-07-24 12:35:18 [main] INFO  com.bkstore.fastapi.tests.BookTests - testCreateBook_Positive PASSED.
2025-07-24 12:35:18 [main] INFO  com.bkstore.fastapi.tests.BookTests - Executing testGetBookById_Positive for Book ID: 7
2025-07-24 12:36:01 [main] INFO  com.bkstore.fastapi.tests.BookTests - testGetBookById_Positive PASSED.
2025-07-24 12:36:01 [main] INFO  com.bkstore.fastapi.tests.BookTests - Executing testUpdateBookById_Positive for Book ID: 7
2025-07-24 12:37:54 [main] INFO  com.bkstore.fastapi.tests.BookTests - testUpdateBookById_Positive PASSED.
2025-07-24 12:37:54 [main] INFO  com.bkstore.fastapi.tests.BookTests - Executing testDeleteBookById_Positive for Book ID: 7
2025-07-24 12:38:08 [main] INFO  com.bkstore.fastapi.tests.BookTests - Executing testGetAllBooks_Positive
2025-07-24 12:40:26 [main] INFO  com.bkstore.fastapi.tests.BookTests - testGetAllBooks_Positive PASSED.
2025-07-24 12:40:26 [main] INFO  com.bkstore.fastapi.tests.BookTests - Executing testCreateBook_NoAuth_Negative
2025-07-24 12:42:04 [main] INFO  com.bkstore.fastapi.tests.BookTests - Executing testGetBookById_NotFound_Negative
2025-07-24 12:43:01 [main] INFO  org.testng.internal.Utils - [TestNG] Running:
  Command line suite

2025-07-24 12:43:01 [main] INFO  com.bkstore.fastapi.utilities.EnvironmentManager - Active Environment: DEV
2025-07-24 12:43:01 [main] INFO  com.bkstore.fastapi.utilities.ConfigReader - Loaded properties from: src/test/resources/configs/config-dev.properties
2025-07-24 12:43:01 [main] INFO  com.bkstore.fastapi.tests.BookTests - BookTests setup: Initiating user signup and login to obtain authentication token.
2025-07-24 12:43:01 [main] INFO  com.bkstore.fastapi.tests.BookTests - Attempting to sign up user: book_test_user_7b78e234@example.com
2025-07-24 12:43:03 [main] INFO  com.bkstore.fastapi.tests.BookTests - User signed up successfully: book_test_user_7b78e234@example.com
2025-07-24 12:43:03 [main] INFO  com.bkstore.fastapi.tests.BookTests - Attempting to log in user: book_test_user_7b78e234@example.com
2025-07-24 12:43:03 [main] INFO  com.bkstore.fastapi.tests.BookTests - Successfully obtained Auth Token for book_test_user_7b78e234@example.com. Token (first 10 chars): eyJ0eXAiOi...
2025-07-24 12:43:03 [main] INFO  com.bkstore.fastapi.tests.BookTests - Authentication setup for BookTests completed successfully.
2025-07-24 12:43:03 [main] INFO  com.bkstore.fastapi.tests.BookTests - Executing testCreateBook_Positive
2025-07-24 12:43:04 [main] INFO  com.bkstore.fastapi.tests.BookTests - Book created with ID: 7. Name: Test Book 1c8367
2025-07-24 12:43:04 [main] INFO  com.bkstore.fastapi.tests.BookTests - testCreateBook_Positive PASSED.
2025-07-24 12:43:04 [main] INFO  com.bkstore.fastapi.tests.BookTests - Executing testGetBookById_Positive for Book ID: 7
2025-07-24 12:43:04 [main] INFO  com.bkstore.fastapi.tests.BookTests - testGetBookById_Positive PASSED.
2025-07-24 12:43:04 [main] INFO  com.bkstore.fastapi.tests.BookTests - Executing testUpdateBookById_Positive for Book ID: 7
2025-07-24 12:43:05 [main] INFO  com.bkstore.fastapi.tests.BookTests - testUpdateBookById_Positive PASSED.
2025-07-24 12:43:05 [main] INFO  com.bkstore.fastapi.tests.BookTests - Executing testDeleteBookById_Positive for Book ID: 7
2025-07-24 12:43:05 [main] INFO  com.bkstore.fastapi.tests.BookTests - Executing testGetAllBooks_Positive
2025-07-24 12:43:05 [main] INFO  com.bkstore.fastapi.tests.BookTests - testGetAllBooks_Positive PASSED.
2025-07-24 12:43:05 [main] INFO  com.bkstore.fastapi.tests.BookTests - Executing testCreateBook_NoAuth_Negative
2025-07-24 12:43:22 [main] INFO  com.bkstore.fastapi.tests.BookTests - Executing testGetBookById_NotFound_Negative
2025-07-24 12:43:22 [main] INFO  com.bkstore.fastapi.tests.BookTests - testGetBookById_NotFound_Negative PASSED.
2025-07-24 12:43:22 [main] INFO  com.bkstore.fastapi.tests.BookTests - Executing testDeleteBookById_NotFound_Negative
2025-07-24 12:43:22 [main] INFO  com.bkstore.fastapi.tests.BookTests - testDeleteBookById_NotFound_Negative PASSED.
2025-07-24 12:53:21 [main] INFO  org.testng.internal.Utils - [TestNG] Running:
  Command line suite

2025-07-24 12:53:21 [main] INFO  com.bkstore.fastapi.utilities.EnvironmentManager - Active Environment: DEV
2025-07-24 12:53:21 [main] INFO  com.bkstore.fastapi.utilities.ConfigReader - Loaded properties from: src/test/resources/configs/config-dev.properties
2025-07-24 12:53:22 [main] INFO  com.bkstore.fastapi.tests.BookTests - BookTests setup: Initiating user signup and login to obtain authentication token.
2025-07-24 12:53:22 [main] INFO  com.bkstore.fastapi.tests.BookTests - Attempting to sign up user: book_test_user_a116112f@example.com
2025-07-24 12:53:24 [main] INFO  com.bkstore.fastapi.tests.BookTests - User signed up successfully: book_test_user_a116112f@example.com
2025-07-24 12:53:24 [main] INFO  com.bkstore.fastapi.tests.BookTests - Attempting to log in user: book_test_user_a116112f@example.com
2025-07-24 12:53:24 [main] INFO  com.bkstore.fastapi.tests.BookTests - Successfully obtained Auth Token for book_test_user_a116112f@example.com. Token (first 10 chars): eyJ0eXAiOi...
2025-07-24 12:53:24 [main] INFO  com.bkstore.fastapi.tests.BookTests - Authentication setup for BookTests completed successfully.
2025-07-24 12:53:24 [main] INFO  com.bkstore.fastapi.tests.BookTests - Executing testCreateBook_Positive
2025-07-24 12:53:25 [main] INFO  com.bkstore.fastapi.tests.BookTests - Book created with ID: 7. Name: Test Book 230ebb
2025-07-24 12:53:25 [main] INFO  com.bkstore.fastapi.tests.BookTests - testCreateBook_Positive PASSED.
2025-07-24 12:53:25 [main] INFO  com.bkstore.fastapi.tests.BookTests - Executing testGetBookById_Positive for Book ID: 7
2025-07-24 12:53:25 [main] INFO  com.bkstore.fastapi.tests.BookTests - testGetBookById_Positive PASSED.
2025-07-24 12:53:25 [main] INFO  com.bkstore.fastapi.tests.BookTests - Executing testUpdateBookById_Positive for Book ID: 7
2025-07-24 12:53:25 [main] INFO  com.bkstore.fastapi.tests.BookTests - testUpdateBookById_Positive PASSED.
2025-07-24 12:53:25 [main] INFO  com.bkstore.fastapi.tests.BookTests - Executing testDeleteBookById_Positive for Book ID: 7
2025-07-24 12:53:26 [main] INFO  com.bkstore.fastapi.tests.BookTests - Executing testGetAllBooks_Positive
2025-07-24 12:53:26 [main] INFO  com.bkstore.fastapi.tests.BookTests - testGetAllBooks_Positive PASSED.
2025-07-24 12:53:26 [main] INFO  com.bkstore.fastapi.tests.BookTests - Executing testCreateBook_NoAuth_Negative
2025-07-24 12:53:51 [main] INFO  com.bkstore.fastapi.tests.BookTests - testCreateBook_NoAuth_Negative PASSED.
2025-07-24 12:53:51 [main] INFO  com.bkstore.fastapi.tests.BookTests - Executing testGetBookById_NotFound_Negative
2025-07-24 12:54:09 [main] INFO  com.bkstore.fastapi.tests.BookTests - testGetBookById_NotFound_Negative PASSED.
2025-07-24 12:54:09 [main] INFO  com.bkstore.fastapi.tests.BookTests - Executing testDeleteBookById_NotFound_Negative
2025-07-24 12:54:28 [main] INFO  com.bkstore.fastapi.tests.BookTests - testDeleteBookById_NotFound_Negative PASSED.
2025-07-24 12:54:59 [main] INFO  org.testng.internal.Utils - [TestNG] Running:
  Command line suite

2025-07-24 12:54:59 [main] INFO  com.bkstore.fastapi.utilities.EnvironmentManager - Active Environment: DEV
2025-07-24 12:54:59 [main] INFO  com.bkstore.fastapi.utilities.ConfigReader - Loaded properties from: src/test/resources/configs/config-dev.properties
2025-07-24 12:55:00 [main] INFO  com.bkstore.fastapi.tests.BookTests - BookTests setup: Initiating user signup and login to obtain authentication token.
2025-07-24 12:55:00 [main] INFO  com.bkstore.fastapi.tests.BookTests - Attempting to sign up user: book_test_user_064bf53d@example.com
2025-07-24 12:55:02 [main] INFO  com.bkstore.fastapi.tests.BookTests - User signed up successfully: book_test_user_064bf53d@example.com
2025-07-24 12:55:02 [main] INFO  com.bkstore.fastapi.tests.BookTests - Attempting to log in user: book_test_user_064bf53d@example.com
2025-07-24 12:55:03 [main] INFO  com.bkstore.fastapi.tests.BookTests - Successfully obtained Auth Token for book_test_user_064bf53d@example.com. Token (first 10 chars): eyJ0eXAiOi...
2025-07-24 12:55:03 [main] INFO  com.bkstore.fastapi.tests.BookTests - Authentication setup for BookTests completed successfully.
2025-07-24 12:55:03 [main] INFO  com.bkstore.fastapi.tests.BookTests - Executing testCreateBook_Positive
2025-07-24 12:55:03 [main] INFO  com.bkstore.fastapi.tests.BookTests - Book created with ID: 7. Name: Test Book 499dd9
2025-07-24 12:55:03 [main] INFO  com.bkstore.fastapi.tests.BookTests - testCreateBook_Positive PASSED.
2025-07-24 12:55:03 [main] INFO  com.bkstore.fastapi.tests.BookTests - Executing testGetBookById_Positive for Book ID: 7
2025-07-24 12:55:04 [main] INFO  com.bkstore.fastapi.tests.BookTests - testGetBookById_Positive PASSED.
2025-07-24 12:55:04 [main] INFO  com.bkstore.fastapi.tests.BookTests - Executing testUpdateBookById_Positive for Book ID: 7
2025-07-24 12:55:04 [main] INFO  com.bkstore.fastapi.tests.BookTests - testUpdateBookById_Positive PASSED.
2025-07-24 12:55:04 [main] INFO  com.bkstore.fastapi.tests.BookTests - Executing testDeleteBookById_Positive for Book ID: 7
2025-07-24 12:55:04 [main] INFO  com.bkstore.fastapi.tests.BookTests - Executing testGetAllBooks_Positive
2025-07-24 12:55:04 [main] INFO  com.bkstore.fastapi.tests.BookTests - testGetAllBooks_Positive PASSED.
2025-07-24 12:55:04 [main] INFO  com.bkstore.fastapi.tests.BookTests - Executing testCreateBook_NoAuth_Negative
2025-07-24 12:55:04 [main] INFO  com.bkstore.fastapi.tests.BookTests - testCreateBook_NoAuth_Negative PASSED.
2025-07-24 12:55:04 [main] INFO  com.bkstore.fastapi.tests.BookTests - Executing testGetBookById_NotFound_Negative
2025-07-24 12:55:04 [main] INFO  com.bkstore.fastapi.tests.BookTests - testGetBookById_NotFound_Negative PASSED.
2025-07-24 12:55:04 [main] INFO  com.bkstore.fastapi.tests.BookTests - Executing testDeleteBookById_NotFound_Negative
2025-07-24 12:55:04 [main] INFO  com.bkstore.fastapi.tests.BookTests - testDeleteBookById_NotFound_Negative PASSED.
2025-07-24 12:57:03 [main] INFO  org.testng.internal.Utils - [TestNG] Running:
  Command line suite

2025-07-24 12:57:03 [main] INFO  com.bkstore.fastapi.utilities.EnvironmentManager - Active Environment: DEV
2025-07-24 12:57:03 [main] INFO  com.bkstore.fastapi.utilities.ConfigReader - Loaded properties from: src/test/resources/configs/config-dev.properties
2025-07-24 12:57:04 [main] INFO  com.bkstore.fastapi.tests.UserTests - Base URI set to: http://127.0.0.1:8000
2025-07-24 12:57:04 [main] INFO  com.bkstore.fastapi.tests.UserTests - Executing testUserSignup_MissingPassword_Negative
2025-07-24 12:57:06 [main] INFO  com.bkstore.fastapi.tests.UserTests - Executing testUserSignup_MissingEmail_Negative
2025-07-24 12:58:34 [main] INFO  org.testng.internal.Utils - [TestNG] Running:
  Command line suite

2025-07-24 12:58:34 [main] INFO  com.bkstore.fastapi.utilities.EnvironmentManager - Active Environment: DEV
2025-07-24 12:58:34 [main] INFO  com.bkstore.fastapi.utilities.ConfigReader - Loaded properties from: src/test/resources/configs/config-dev.properties
2025-07-24 12:58:34 [main] INFO  com.bkstore.fastapi.tests.UserTests - Base URI set to: http://127.0.0.1:8000
2025-07-24 12:58:34 [main] INFO  com.bkstore.fastapi.tests.UserTests - Executing testUserSignup_MissingPassword_Negative
2025-07-24 12:58:36 [main] INFO  com.bkstore.fastapi.tests.UserTests - Executing testUserSignup_Positive
2025-07-24 12:58:36 [main] INFO  com.bkstore.fastapi.tests.UserTests - Attempting to sign up user with ID: 15757, Email: testuser_a3f893b1@example.com
2025-07-24 12:58:37 [main] INFO  com.bkstore.fastapi.tests.UserTests - User signup successful. User ID: 15757, Email: testuser_a3f893b1@example.com
2025-07-24 12:58:37 [main] INFO  com.bkstore.fastapi.tests.UserTests - testUserSignup_Positive PASSED.
2025-07-24 12:58:37 [main] INFO  com.bkstore.fastapi.tests.UserTests - Executing testUserSignup_MissingEmail_Negative
2025-07-24 12:58:37 [main] INFO  com.bkstore.fastapi.tests.UserTests - Executing testUserSignup_ExistingEmail_Negative with email: testuser_a3f893b1@example.com
2025-07-24 18:54:01 [main] INFO  org.testng.internal.Utils - [TestNG] Running:
  Command line suite

2025-07-24 18:54:01 [main] INFO  com.bkstore.fastapi.utilities.EnvironmentManager - Active Environment: DEV
2025-07-24 18:54:01 [main] INFO  com.bkstore.fastapi.utilities.ConfigReader - Loaded properties from: src/test/resources/configs/config-dev.properties
2025-07-24 18:54:02 [main] INFO  com.bkstore.fastapi.tests.AuthAndUserTests - AuthAndUserTests setup: AuthService initialized.
2025-07-24 18:54:02 [main] INFO  com.bkstore.fastapi.tests.AuthAndUserTests - Executing testUserSignup_Positive: Creating a new user.
2025-07-24 18:54:02 [main] INFO  com.bkstore.fastapi.tests.AuthAndUserTests - Attempting signup for ID: 39936, Email: user_f0f379fd@example.com
2025-07-24 18:54:05 [main] INFO  com.bkstore.fastapi.tests.AuthAndUserTests - Executing testUserSignup_MissingEmail_Negative.
2025-07-24 18:54:05 [main] INFO  com.bkstore.fastapi.tests.AuthAndUserTests - testUserSignup_MissingEmail_Negative PASSED.
2025-07-24 18:54:05 [main] INFO  com.bkstore.fastapi.tests.AuthAndUserTests - Executing testUserSignup_MissingPassword_Negative.
2025-07-24 18:54:05 [main] INFO  com.bkstore.fastapi.tests.AuthAndUserTests - testUserSignup_MissingPassword_Negative PASSED.
2025-07-24 18:54:05 [main] INFO  com.bkstore.fastapi.tests.AuthAndUserTests - Executing testUserSignup_InvalidEmailFormat_Negative.
2025-07-24 18:54:06 [main] INFO  com.bkstore.fastapi.tests.AuthAndUserTests - Executing testUserLogin_InvalidCredentials_Negative.
2025-07-24 18:54:06 [main] INFO  com.bkstore.fastapi.tests.AuthAndUserTests - testUserLogin_InvalidCredentials_Negative PASSED.
2025-07-24 18:59:43 [main] INFO  org.testng.internal.Utils - [TestNG] Running:
  Command line suite

2025-07-24 18:59:43 [main] INFO  com.bkstore.fastapi.utilities.EnvironmentManager - Active Environment: DEV
2025-07-24 18:59:43 [main] INFO  com.bkstore.fastapi.utilities.ConfigReader - Loaded properties from: src/test/resources/configs/config-dev.properties
2025-07-24 18:59:44 [main] INFO  com.bkstore.fastapi.tests.AuthAndUserTests - AuthAndUserTests setup: AuthService initialized.
2025-07-24 18:59:44 [main] INFO  com.bkstore.fastapi.tests.AuthAndUserTests - Executing testUserSignup_Positive: Creating a new user.
2025-07-24 18:59:49 [main] INFO  com.bkstore.fastapi.tests.AuthAndUserTests - Attempting signup for ID: 15781, Email: user_cb9df4d6@example.com
2025-07-24 19:02:34 [main] INFO  org.testng.internal.Utils - [TestNG] Running:
  Command line suite

2025-07-24 19:02:34 [main] INFO  com.bkstore.fastapi.utilities.EnvironmentManager - Active Environment: DEV
2025-07-24 19:02:34 [main] INFO  com.bkstore.fastapi.utilities.ConfigReader - Loaded properties from: src/test/resources/configs/config-dev.properties
2025-07-24 19:02:35 [main] INFO  com.bkstore.fastapi.tests.AuthAndUserTests - AuthAndUserTests setup: AuthService initialized.
2025-07-24 19:02:35 [main] INFO  com.bkstore.fastapi.tests.AuthAndUserTests - Executing testUserSignup_Positive: Creating a new user.
2025-07-24 19:02:35 [main] INFO  com.bkstore.fastapi.tests.AuthAndUserTests - Attempting signup for ID: 99572, Email: user_2df7f25e@example.com
2025-07-24 19:04:27 [main] INFO  com.bkstore.fastapi.tests.AuthAndUserTests - User signup successful. User ID: 99572, Email: user_2df7f25e@example.com
2025-07-24 19:04:27 [main] INFO  com.bkstore.fastapi.tests.AuthAndUserTests - testUserSignup_Positive PASSED. Details stored for chaining.
2025-07-24 19:04:27 [main] INFO  com.bkstore.fastapi.tests.AuthAndUserTests - Executing testUserSignup_ExistingEmail_Negative with email: user_2df7f25e@example.com
2025-07-24 19:06:31 [main] INFO  com.bkstore.fastapi.tests.AuthAndUserTests - testUserSignup_ExistingEmail_Negative PASSED.
2025-07-24 19:06:31 [main] INFO  com.bkstore.fastapi.tests.AuthAndUserTests - Executing testUserSignup_MissingEmail_Negative.
2025-07-24 19:06:41 [main] INFO  com.bkstore.fastapi.tests.AuthAndUserTests - testUserSignup_MissingEmail_Negative PASSED.
2025-07-24 19:06:41 [main] INFO  com.bkstore.fastapi.tests.AuthAndUserTests - Executing testUserSignup_MissingPassword_Negative.
2025-07-24 19:07:48 [main] INFO  com.bkstore.fastapi.tests.AuthAndUserTests - testUserSignup_MissingPassword_Negative PASSED.
2025-07-24 19:07:48 [main] INFO  com.bkstore.fastapi.tests.AuthAndUserTests - Executing testUserSignup_InvalidEmailFormat_Negative.
2025-07-24 19:08:24 [main] INFO  org.testng.internal.Utils - [TestNG] Running:
  Command line suite

2025-07-24 19:08:24 [main] INFO  com.bkstore.fastapi.utilities.EnvironmentManager - Active Environment: DEV
2025-07-24 19:08:24 [main] INFO  com.bkstore.fastapi.utilities.ConfigReader - Loaded properties from: src/test/resources/configs/config-dev.properties
2025-07-24 19:08:25 [main] INFO  com.bkstore.fastapi.tests.AuthAndUserTests - AuthAndUserTests setup: AuthService initialized.
2025-07-24 19:08:25 [main] INFO  com.bkstore.fastapi.tests.AuthAndUserTests - Executing testUserSignup_Positive: Creating a new user.
2025-07-24 19:08:25 [main] INFO  com.bkstore.fastapi.tests.AuthAndUserTests - Attempting signup for ID: 91777, Email: user_d1a4f54c@example.com
2025-07-24 19:08:28 [main] INFO  com.bkstore.fastapi.tests.AuthAndUserTests - User signup successful. User ID: 91777, Email: user_d1a4f54c@example.com
2025-07-24 19:08:28 [main] INFO  com.bkstore.fastapi.tests.AuthAndUserTests - testUserSignup_Positive PASSED. Details stored for chaining.
2025-07-24 19:08:28 [main] INFO  com.bkstore.fastapi.tests.AuthAndUserTests - Executing testUserSignup_ExistingEmail_Negative with email: user_d1a4f54c@example.com
2025-07-24 19:08:28 [main] INFO  com.bkstore.fastapi.tests.AuthAndUserTests - testUserSignup_ExistingEmail_Negative PASSED.
2025-07-24 19:08:28 [main] INFO  com.bkstore.fastapi.tests.AuthAndUserTests - Executing testUserSignup_MissingEmail_Negative.
2025-07-24 19:08:29 [main] INFO  com.bkstore.fastapi.tests.AuthAndUserTests - testUserSignup_MissingEmail_Negative PASSED.
2025-07-24 19:08:29 [main] INFO  com.bkstore.fastapi.tests.AuthAndUserTests - Executing testUserSignup_MissingPassword_Negative.
2025-07-24 19:08:29 [main] INFO  com.bkstore.fastapi.tests.AuthAndUserTests - testUserSignup_MissingPassword_Negative PASSED.
2025-07-24 19:08:29 [main] INFO  com.bkstore.fastapi.tests.AuthAndUserTests - Executing testUserSignup_InvalidEmailFormat_Negative.
2025-07-24 19:08:55 [main] INFO  com.bkstore.fastapi.tests.AuthAndUserTests - Executing testUserLogin_Positive_Chained: Logging in previously signed-up user.
2025-07-24 19:08:55 [main] INFO  com.bkstore.fastapi.tests.AuthAndUserTests - Attempting to log in user: ID: 91777, Email: user_d1a4f54c@example.com
2025-07-24 19:09:17 [main] INFO  com.bkstore.fastapi.tests.AuthAndUserTests - User login successful. Access Token: eyJ0eXAiOi...
2025-07-24 19:09:17 [main] INFO  com.bkstore.fastapi.tests.AuthAndUserTests - testUserLogin_Positive_Chained PASSED.
2025-07-24 19:09:17 [main] INFO  com.bkstore.fastapi.tests.AuthAndUserTests - Executing testUserLogin_InvalidCredentials_Negative.
2025-07-24 19:09:25 [main] INFO  com.bkstore.fastapi.tests.AuthAndUserTests - testUserLogin_InvalidCredentials_Negative PASSED.
2025-07-24 19:10:16 [main] INFO  org.testng.internal.Utils - [TestNG] Running:
  Command line suite

2025-07-24 19:10:16 [main] INFO  com.bkstore.fastapi.utilities.EnvironmentManager - Active Environment: DEV
2025-07-24 19:10:16 [main] INFO  com.bkstore.fastapi.utilities.ConfigReader - Loaded properties from: src/test/resources/configs/config-dev.properties
2025-07-24 19:10:16 [main] INFO  com.bkstore.fastapi.tests.UserTests - AuthAndUserTests setup: AuthService initialized.
2025-07-24 19:10:17 [main] INFO  com.bkstore.fastapi.tests.UserTests - Executing testUserSignup_Positive: Creating a new user.
2025-07-24 19:10:17 [main] INFO  com.bkstore.fastapi.tests.UserTests - Attempting signup for ID: 98930, Email: user_85132730@example.com
2025-07-24 19:10:19 [main] INFO  com.bkstore.fastapi.tests.UserTests - User signup successful. User ID: 98930, Email: user_85132730@example.com
2025-07-24 19:10:19 [main] INFO  com.bkstore.fastapi.tests.UserTests - testUserSignup_Positive PASSED. Details stored for chaining.
2025-07-24 19:10:19 [main] INFO  com.bkstore.fastapi.tests.UserTests - Executing testUserSignup_ExistingEmail_Negative with email: user_85132730@example.com
2025-07-24 19:10:19 [main] INFO  com.bkstore.fastapi.tests.UserTests - testUserSignup_ExistingEmail_Negative PASSED.
2025-07-24 19:10:19 [main] INFO  com.bkstore.fastapi.tests.UserTests - Executing testUserSignup_MissingEmail_Negative.
2025-07-24 19:10:20 [main] INFO  com.bkstore.fastapi.tests.UserTests - testUserSignup_MissingEmail_Negative PASSED.
2025-07-24 19:10:20 [main] INFO  com.bkstore.fastapi.tests.UserTests - Executing testUserSignup_MissingPassword_Negative.
2025-07-24 19:10:20 [main] INFO  com.bkstore.fastapi.tests.UserTests - testUserSignup_MissingPassword_Negative PASSED.
2025-07-24 19:10:20 [main] INFO  com.bkstore.fastapi.tests.UserTests - Executing testUserSignup_InvalidEmailFormat_Negative.
2025-07-24 19:10:20 [main] INFO  com.bkstore.fastapi.tests.UserTests - Executing testUserLogin_Positive_Chained: Logging in previously signed-up user.
2025-07-24 19:10:20 [main] INFO  com.bkstore.fastapi.tests.UserTests - Attempting to log in user: ID: 98930, Email: user_85132730@example.com
2025-07-24 19:10:20 [main] INFO  com.bkstore.fastapi.tests.UserTests - User login successful. Access Token: eyJ0eXAiOi...
2025-07-24 19:10:20 [main] INFO  com.bkstore.fastapi.tests.UserTests - testUserLogin_Positive_Chained PASSED.
2025-07-24 19:10:20 [main] INFO  com.bkstore.fastapi.tests.UserTests - Executing testUserLogin_InvalidCredentials_Negative.
2025-07-24 19:10:20 [main] INFO  com.bkstore.fastapi.tests.UserTests - testUserLogin_InvalidCredentials_Negative PASSED.
2025-07-24 19:22:17 [main] INFO  com.bkstore.fastapi.listeners.ExtentReporterNG - Starting test suite: RestAssuredSuite
2025-07-24 19:22:17 [main] INFO  com.bkstore.fastapi.utilities.EnvironmentManager - Active Environment: DEV
2025-07-24 19:22:17 [main] INFO  com.bkstore.fastapi.utilities.ConfigReader - Loaded properties from: src/test/resources/configs/config-dev.properties
2025-07-24 19:22:17 [main] INFO  com.bkstore.fastapi.listeners.ExtentReporterNG - Test context started: APITests
2025-07-24 19:22:17 [main] INFO  com.bkstore.fastapi.listeners.ExtentReporterNG - Extent Report initialized at : C:\Users\rohit\OneDrive\Documents\GitHub\qa-architect-learning\api-automation\restAssured-testNG\demo-bookstore\reports\Test-Report-2025.07.24.19.22.17.html
2025-07-24 19:22:17 [main] INFO  com.bkstore.fastapi.listeners.ExtentReporterNG - Starting test method: testStatusCode
2025-07-24 19:22:23 [main] INFO  com.bkstore.fastapi.SampleAPITest - Status Code: 200
2025-07-24 19:22:23 [main] INFO  com.bkstore.fastapi.listeners.ExtentReporterNG - Test method passed : testStatusCode
2025-07-24 19:22:23 [main] INFO  com.bkstore.fastapi.listeners.ExtentReporterNG - Starting test method: testApiHealthCheck
2025-07-24 19:22:24 [main] INFO  com.bkstore.fastapi.listeners.ExtentReporterNG - Test method passed : testApiHealthCheck
2025-07-24 19:22:24 [main] INFO  com.bkstore.fastapi.tests.UserTests - AuthAndUserTests setup: AuthService initialized.
2025-07-24 19:22:24 [main] INFO  com.bkstore.fastapi.listeners.ExtentReporterNG - Starting test method: testUserSignup_Positive
2025-07-24 19:22:24 [main] INFO  com.bkstore.fastapi.tests.UserTests - Executing testUserSignup_Positive: Creating a new user.
2025-07-24 19:22:24 [main] INFO  com.bkstore.fastapi.tests.UserTests - Attempting signup for ID: 1863, Email: user_917afbf4@example.com
2025-07-24 19:22:25 [main] INFO  com.bkstore.fastapi.tests.UserTests - User signup successful. User ID: 1863, Email: user_917afbf4@example.com
2025-07-24 19:22:25 [main] INFO  com.bkstore.fastapi.tests.UserTests - testUserSignup_Positive PASSED. Details stored for chaining.
2025-07-24 19:22:25 [main] INFO  com.bkstore.fastapi.listeners.ExtentReporterNG - Test method passed : testUserSignup_Positive
2025-07-24 19:22:25 [main] INFO  com.bkstore.fastapi.listeners.ExtentReporterNG - Starting test method: testUserSignup_ExistingEmail_Negative
2025-07-24 19:22:25 [main] INFO  com.bkstore.fastapi.tests.UserTests - Executing testUserSignup_ExistingEmail_Negative with email: user_917afbf4@example.com
2025-07-24 19:22:25 [main] INFO  com.bkstore.fastapi.tests.UserTests - testUserSignup_ExistingEmail_Negative PASSED.
2025-07-24 19:22:25 [main] INFO  com.bkstore.fastapi.listeners.ExtentReporterNG - Test method passed : testUserSignup_ExistingEmail_Negative
2025-07-24 19:22:25 [main] INFO  com.bkstore.fastapi.listeners.ExtentReporterNG - Starting test method: testUserSignup_MissingEmail_Negative
2025-07-24 19:22:25 [main] INFO  com.bkstore.fastapi.tests.UserTests - Executing testUserSignup_MissingEmail_Negative.
2025-07-24 19:22:25 [main] INFO  com.bkstore.fastapi.tests.UserTests - testUserSignup_MissingEmail_Negative PASSED.
2025-07-24 19:22:25 [main] INFO  com.bkstore.fastapi.listeners.ExtentReporterNG - Test method passed : testUserSignup_MissingEmail_Negative
2025-07-24 19:22:25 [main] INFO  com.bkstore.fastapi.listeners.ExtentReporterNG - Starting test method: testUserSignup_MissingPassword_Negative
2025-07-24 19:22:25 [main] INFO  com.bkstore.fastapi.tests.UserTests - Executing testUserSignup_MissingPassword_Negative.
2025-07-24 19:22:25 [main] INFO  com.bkstore.fastapi.tests.UserTests - testUserSignup_MissingPassword_Negative PASSED.
2025-07-24 19:22:25 [main] INFO  com.bkstore.fastapi.listeners.ExtentReporterNG - Test method passed : testUserSignup_MissingPassword_Negative
2025-07-24 19:22:25 [main] INFO  com.bkstore.fastapi.listeners.ExtentReporterNG - Starting test method: testUserSignup_InvalidEmailFormat_Negative
2025-07-24 19:22:25 [main] INFO  com.bkstore.fastapi.tests.UserTests - Executing testUserSignup_InvalidEmailFormat_Negative.
2025-07-24 19:22:25 [main] INFO  com.bkstore.fastapi.listeners.ExtentReporterNG - Test method failed! : java.lang.AssertionError: 1 expectation failed.
Expected status code <500> but was <400>.

2025-07-24 19:22:25 [main] INFO  com.bkstore.fastapi.listeners.ExtentReporterNG - Starting test method: testUserLogin_Positive_Chained
2025-07-24 19:22:25 [main] INFO  com.bkstore.fastapi.tests.UserTests - Executing testUserLogin_Positive_Chained: Logging in previously signed-up user.
2025-07-24 19:22:25 [main] INFO  com.bkstore.fastapi.tests.UserTests - Attempting to log in user: ID: 1863, Email: user_917afbf4@example.com
2025-07-24 19:22:25 [main] INFO  com.bkstore.fastapi.tests.UserTests - User login successful. Access Token: eyJ0eXAiOi...
2025-07-24 19:22:25 [main] INFO  com.bkstore.fastapi.tests.UserTests - testUserLogin_Positive_Chained PASSED.
2025-07-24 19:22:25 [main] INFO  com.bkstore.fastapi.listeners.ExtentReporterNG - Test method passed : testUserLogin_Positive_Chained
2025-07-24 19:22:25 [main] INFO  com.bkstore.fastapi.listeners.ExtentReporterNG - Starting test method: testUserLogin_InvalidCredentials_Negative
2025-07-24 19:22:25 [main] INFO  com.bkstore.fastapi.tests.UserTests - Executing testUserLogin_InvalidCredentials_Negative.
2025-07-24 19:22:25 [main] INFO  com.bkstore.fastapi.tests.UserTests - testUserLogin_InvalidCredentials_Negative PASSED.
2025-07-24 19:22:25 [main] INFO  com.bkstore.fastapi.listeners.ExtentReporterNG - Test method passed : testUserLogin_InvalidCredentials_Negative
2025-07-24 19:22:25 [main] INFO  com.bkstore.fastapi.tests.BookTests - BookTests setup: Initiating user signup and login to obtain authentication token.
2025-07-24 19:22:25 [main] INFO  com.bkstore.fastapi.tests.BookTests - Attempting to sign up user: book_test_user_9a3eca2a@example.com
2025-07-24 19:22:26 [main] INFO  com.bkstore.fastapi.tests.BookTests - User signed up successfully: book_test_user_9a3eca2a@example.com
2025-07-24 19:22:26 [main] INFO  com.bkstore.fastapi.tests.BookTests - Attempting to log in user: book_test_user_9a3eca2a@example.com
2025-07-24 19:22:26 [main] INFO  com.bkstore.fastapi.tests.BookTests - Successfully obtained Auth Token for book_test_user_9a3eca2a@example.com. Token (first 10 chars): eyJ0eXAiOi...
2025-07-24 19:22:26 [main] INFO  com.bkstore.fastapi.tests.BookTests - Authentication setup for BookTests completed successfully.
2025-07-24 19:22:26 [main] INFO  com.bkstore.fastapi.listeners.ExtentReporterNG - Starting test method: testCreateBook_Positive
2025-07-24 19:22:26 [main] INFO  com.bkstore.fastapi.tests.BookTests - Executing testCreateBook_Positive
2025-07-24 19:22:26 [main] INFO  com.bkstore.fastapi.tests.BookTests - Book created with ID: 7. Name: Test Book 57b21f
2025-07-24 19:22:26 [main] INFO  com.bkstore.fastapi.tests.BookTests - testCreateBook_Positive PASSED.
2025-07-24 19:22:26 [main] INFO  com.bkstore.fastapi.listeners.ExtentReporterNG - Test method passed : testCreateBook_Positive
2025-07-24 19:22:26 [main] INFO  com.bkstore.fastapi.listeners.ExtentReporterNG - Starting test method: testGetBookById_Positive
2025-07-24 19:22:26 [main] INFO  com.bkstore.fastapi.tests.BookTests - Executing testGetBookById_Positive for Book ID: 7
2025-07-24 19:22:26 [main] INFO  com.bkstore.fastapi.tests.BookTests - testGetBookById_Positive PASSED.
2025-07-24 19:22:26 [main] INFO  com.bkstore.fastapi.listeners.ExtentReporterNG - Test method passed : testGetBookById_Positive
2025-07-24 19:22:26 [main] INFO  com.bkstore.fastapi.listeners.ExtentReporterNG - Starting test method: testUpdateBookById_Positive
2025-07-24 19:22:26 [main] INFO  com.bkstore.fastapi.tests.BookTests - Executing testUpdateBookById_Positive for Book ID: 7
2025-07-24 19:22:27 [main] INFO  com.bkstore.fastapi.tests.BookTests - testUpdateBookById_Positive PASSED.
2025-07-24 19:22:27 [main] INFO  com.bkstore.fastapi.listeners.ExtentReporterNG - Test method passed : testUpdateBookById_Positive
2025-07-24 19:22:27 [main] INFO  com.bkstore.fastapi.listeners.ExtentReporterNG - Starting test method: testDeleteBookById_Positive
2025-07-24 19:22:27 [main] INFO  com.bkstore.fastapi.tests.BookTests - Executing testDeleteBookById_Positive for Book ID: 7
2025-07-24 19:22:27 [main] INFO  com.bkstore.fastapi.listeners.ExtentReporterNG - Test method failed! : java.lang.AssertionError: 1 expectation failed.
JSON path message doesn't match.
Expected: Book deleted succesfully
  Actual: Book deleted successfully

2025-07-24 19:22:27 [main] INFO  com.bkstore.fastapi.listeners.ExtentReporterNG - Starting test method: testGetAllBooks_Positive
2025-07-24 19:22:27 [main] INFO  com.bkstore.fastapi.tests.BookTests - Executing testGetAllBooks_Positive
2025-07-24 19:22:27 [main] INFO  com.bkstore.fastapi.tests.BookTests - testGetAllBooks_Positive PASSED.
2025-07-24 19:22:27 [main] INFO  com.bkstore.fastapi.listeners.ExtentReporterNG - Test method passed : testGetAllBooks_Positive
2025-07-24 19:22:27 [main] INFO  com.bkstore.fastapi.listeners.ExtentReporterNG - Starting test method: testCreateBook_NoAuth_Negative
2025-07-24 19:22:27 [main] INFO  com.bkstore.fastapi.tests.BookTests - Executing testCreateBook_NoAuth_Negative
2025-07-24 19:22:27 [main] INFO  com.bkstore.fastapi.tests.BookTests - testCreateBook_NoAuth_Negative PASSED.
2025-07-24 19:22:27 [main] INFO  com.bkstore.fastapi.listeners.ExtentReporterNG - Test method passed : testCreateBook_NoAuth_Negative
2025-07-24 19:22:27 [main] INFO  com.bkstore.fastapi.listeners.ExtentReporterNG - Starting test method: testGetBookById_NotFound_Negative
2025-07-24 19:22:27 [main] INFO  com.bkstore.fastapi.tests.BookTests - Executing testGetBookById_NotFound_Negative
2025-07-24 19:22:27 [main] INFO  com.bkstore.fastapi.tests.BookTests - testGetBookById_NotFound_Negative PASSED.
2025-07-24 19:22:27 [main] INFO  com.bkstore.fastapi.listeners.ExtentReporterNG - Test method passed : testGetBookById_NotFound_Negative
2025-07-24 19:22:27 [main] INFO  com.bkstore.fastapi.listeners.ExtentReporterNG - Starting test method: testDeleteBookById_NotFound_Negative
2025-07-24 19:22:27 [main] INFO  com.bkstore.fastapi.tests.BookTests - Executing testDeleteBookById_NotFound_Negative
2025-07-24 19:22:27 [main] INFO  com.bkstore.fastapi.tests.BookTests - testDeleteBookById_NotFound_Negative PASSED.
2025-07-24 19:22:27 [main] INFO  com.bkstore.fastapi.listeners.ExtentReporterNG - Test method passed : testDeleteBookById_NotFound_Negative
2025-07-24 19:22:27 [main] INFO  com.bkstore.fastapi.listeners.ExtentReporterNG - Test context finished: APITests
2025-07-24 23:08:50 [main] INFO  com.bkstore.fastapi.listeners.ExtentReporterNG - Starting test suite: RestAssuredSuite
2025-07-24 23:08:50 [main] INFO  com.bkstore.fastapi.utilities.EnvironmentManager - Active Environment: DEV
2025-07-24 23:08:50 [main] INFO  com.bkstore.fastapi.utilities.ConfigReader - Loaded properties from: src/test/resources/configs/config-dev.properties
2025-07-24 23:08:51 [main] INFO  com.bkstore.fastapi.listeners.ExtentReporterNG - Test context started: APITests
2025-07-24 23:08:51 [main] INFO  com.bkstore.fastapi.listeners.ExtentReporterNG - Extent Report initialized at : C:\Users\rohit\OneDrive\Documents\GitHub\qa-architect-learning\api-automation\restAssured-testNG\demo-bookstore\reports\Test-Report-2025.07.24.23.08.51.html
2025-07-24 23:08:51 [main] INFO  com.bkstore.fastapi.listeners.ExtentReporterNG - Starting test method: testApiHealthCheck
2025-07-24 23:08:53 [main] INFO  com.bkstore.fastapi.listeners.ExtentReporterNG - Test method passed : testApiHealthCheck
2025-07-24 23:08:53 [main] INFO  com.bkstore.fastapi.tests.UserTests - AuthAndUserTests setup: AuthService initialized.
2025-07-24 23:08:53 [main] INFO  com.bkstore.fastapi.listeners.ExtentReporterNG - Starting test method: testUserSignup_Positive
2025-07-24 23:08:53 [main] INFO  com.bkstore.fastapi.tests.UserTests - Executing testUserSignup_Positive: Creating a new user.
2025-07-24 23:08:53 [main] INFO  com.bkstore.fastapi.tests.UserTests - Attempting signup for ID: 97069, Email: user_589df00f@example.com
2025-07-24 23:08:53 [main] INFO  com.bkstore.fastapi.tests.UserTests - User signup successful. User ID: 97069, Email: user_589df00f@example.com
2025-07-24 23:08:53 [main] INFO  com.bkstore.fastapi.tests.UserTests - testUserSignup_Positive PASSED. Details stored for chaining.
2025-07-24 23:08:53 [main] INFO  com.bkstore.fastapi.listeners.ExtentReporterNG - Test method passed : testUserSignup_Positive
2025-07-24 23:08:53 [main] INFO  com.bkstore.fastapi.listeners.ExtentReporterNG - Starting test method: testUserSignup_ExistingEmail_Negative
2025-07-24 23:08:53 [main] INFO  com.bkstore.fastapi.tests.UserTests - Executing testUserSignup_ExistingEmail_Negative with email: user_589df00f@example.com
2025-07-24 23:08:53 [main] INFO  com.bkstore.fastapi.tests.UserTests - testUserSignup_ExistingEmail_Negative PASSED.
2025-07-24 23:08:53 [main] INFO  com.bkstore.fastapi.listeners.ExtentReporterNG - Test method passed : testUserSignup_ExistingEmail_Negative
2025-07-24 23:08:53 [main] INFO  com.bkstore.fastapi.listeners.ExtentReporterNG - Starting test method: testUserSignup_MissingEmail_Negative
2025-07-24 23:08:53 [main] INFO  com.bkstore.fastapi.tests.UserTests - Executing testUserSignup_MissingEmail_Negative.
2025-07-24 23:08:54 [main] INFO  com.bkstore.fastapi.tests.UserTests - testUserSignup_MissingEmail_Negative PASSED.
2025-07-24 23:08:54 [main] INFO  com.bkstore.fastapi.listeners.ExtentReporterNG - Test method passed : testUserSignup_MissingEmail_Negative
2025-07-24 23:08:54 [main] INFO  com.bkstore.fastapi.listeners.ExtentReporterNG - Starting test method: testUserSignup_MissingPassword_Negative
2025-07-24 23:08:54 [main] INFO  com.bkstore.fastapi.tests.UserTests - Executing testUserSignup_MissingPassword_Negative.
2025-07-24 23:08:54 [main] INFO  com.bkstore.fastapi.tests.UserTests - testUserSignup_MissingPassword_Negative PASSED.
2025-07-24 23:08:54 [main] INFO  com.bkstore.fastapi.listeners.ExtentReporterNG - Test method passed : testUserSignup_MissingPassword_Negative
2025-07-24 23:08:54 [main] INFO  com.bkstore.fastapi.listeners.ExtentReporterNG - Starting test method: testUserSignup_InvalidEmailFormat_Negative
2025-07-24 23:08:54 [main] INFO  com.bkstore.fastapi.tests.UserTests - Executing testUserSignup_InvalidEmailFormat_Negative.
2025-07-24 23:08:54 [main] INFO  com.bkstore.fastapi.listeners.ExtentReporterNG - Test method failed! : java.lang.AssertionError: 1 expectation failed.
Expected status code <500> but was <400>.

2025-07-24 23:08:54 [main] INFO  com.bkstore.fastapi.listeners.ExtentReporterNG - Starting test method: testUserLogin_Positive_Chained
2025-07-24 23:08:54 [main] INFO  com.bkstore.fastapi.tests.UserTests - Executing testUserLogin_Positive_Chained: Logging in previously signed-up user.
2025-07-24 23:08:54 [main] INFO  com.bkstore.fastapi.tests.UserTests - Attempting to log in user: ID: 97069, Email: user_589df00f@example.com
2025-07-24 23:08:55 [main] INFO  com.bkstore.fastapi.tests.UserTests - User login successful. Access Token: eyJ0eXAiOi...
2025-07-24 23:08:55 [main] INFO  com.bkstore.fastapi.tests.UserTests - testUserLogin_Positive_Chained PASSED.
2025-07-24 23:08:55 [main] INFO  com.bkstore.fastapi.listeners.ExtentReporterNG - Test method passed : testUserLogin_Positive_Chained
2025-07-24 23:08:55 [main] INFO  com.bkstore.fastapi.listeners.ExtentReporterNG - Starting test method: testUserLogin_InvalidCredentials_Negative
2025-07-24 23:08:55 [main] INFO  com.bkstore.fastapi.tests.UserTests - Executing testUserLogin_InvalidCredentials_Negative.
2025-07-24 23:08:55 [main] INFO  com.bkstore.fastapi.tests.UserTests - testUserLogin_InvalidCredentials_Negative PASSED.
2025-07-24 23:08:55 [main] INFO  com.bkstore.fastapi.listeners.ExtentReporterNG - Test method passed : testUserLogin_InvalidCredentials_Negative
2025-07-24 23:08:55 [main] INFO  com.bkstore.fastapi.tests.BookTests - BookTests setup: Initiating user signup and login to obtain authentication token.
2025-07-24 23:08:55 [main] INFO  com.bkstore.fastapi.tests.BookTests - Attempting to sign up user: book_test_user_8cb70347@example.com
2025-07-24 23:08:55 [main] INFO  com.bkstore.fastapi.tests.BookTests - User signed up successfully: book_test_user_8cb70347@example.com
2025-07-24 23:08:55 [main] INFO  com.bkstore.fastapi.tests.BookTests - Attempting to log in user: book_test_user_8cb70347@example.com
2025-07-24 23:08:56 [main] INFO  com.bkstore.fastapi.tests.BookTests - Successfully obtained Auth Token for book_test_user_8cb70347@example.com. Token (first 10 chars): eyJ0eXAiOi...
2025-07-24 23:08:56 [main] INFO  com.bkstore.fastapi.tests.BookTests - Authentication setup for BookTests completed successfully.
2025-07-24 23:08:56 [main] INFO  com.bkstore.fastapi.listeners.ExtentReporterNG - Starting test method: testCreateBook_Positive
2025-07-24 23:08:56 [main] INFO  com.bkstore.fastapi.tests.BookTests - Executing testCreateBook_Positive
2025-07-24 23:08:56 [main] INFO  com.bkstore.fastapi.tests.BookTests - Book created with ID: 7. Name: Test Book 473be7
2025-07-24 23:08:56 [main] INFO  com.bkstore.fastapi.tests.BookTests - testCreateBook_Positive PASSED.
2025-07-24 23:08:56 [main] INFO  com.bkstore.fastapi.listeners.ExtentReporterNG - Test method passed : testCreateBook_Positive
2025-07-24 23:08:56 [main] INFO  com.bkstore.fastapi.listeners.ExtentReporterNG - Starting test method: testGetBookById_Positive
2025-07-24 23:08:56 [main] INFO  com.bkstore.fastapi.tests.BookTests - Executing testGetBookById_Positive for Book ID: 7
2025-07-24 23:08:56 [main] INFO  com.bkstore.fastapi.tests.BookTests - testGetBookById_Positive PASSED.
2025-07-24 23:08:56 [main] INFO  com.bkstore.fastapi.listeners.ExtentReporterNG - Test method passed : testGetBookById_Positive
2025-07-24 23:08:56 [main] INFO  com.bkstore.fastapi.listeners.ExtentReporterNG - Starting test method: testUpdateBookById_Positive
2025-07-24 23:08:56 [main] INFO  com.bkstore.fastapi.tests.BookTests - Executing testUpdateBookById_Positive for Book ID: 7
2025-07-24 23:08:57 [main] INFO  com.bkstore.fastapi.tests.BookTests - testUpdateBookById_Positive PASSED.
2025-07-24 23:08:57 [main] INFO  com.bkstore.fastapi.listeners.ExtentReporterNG - Test method passed : testUpdateBookById_Positive
2025-07-24 23:08:57 [main] INFO  com.bkstore.fastapi.listeners.ExtentReporterNG - Starting test method: testDeleteBookById_Positive
2025-07-24 23:08:57 [main] INFO  com.bkstore.fastapi.tests.BookTests - Executing testDeleteBookById_Positive for Book ID: 7
2025-07-24 23:08:57 [main] INFO  com.bkstore.fastapi.tests.BookTests - Verifying book is deleted by attempting GET all books and checking for absence of ID: 7
2025-07-24 23:08:57 [main] INFO  com.bkstore.fastapi.tests.BookTests - testDeleteBookById_Positive PASSED.
2025-07-24 23:08:57 [main] INFO  com.bkstore.fastapi.listeners.ExtentReporterNG - Test method passed : testDeleteBookById_Positive
2025-07-24 23:08:57 [main] INFO  com.bkstore.fastapi.listeners.ExtentReporterNG - Starting test method: testGetAllBooks_Positive
2025-07-24 23:08:57 [main] INFO  com.bkstore.fastapi.tests.BookTests - Executing testGetAllBooks_Positive
2025-07-24 23:08:57 [main] INFO  com.bkstore.fastapi.tests.BookTests - testGetAllBooks_Positive PASSED.
2025-07-24 23:08:57 [main] INFO  com.bkstore.fastapi.listeners.ExtentReporterNG - Test method passed : testGetAllBooks_Positive
2025-07-24 23:08:57 [main] INFO  com.bkstore.fastapi.listeners.ExtentReporterNG - Starting test method: testCreateBook_NoAuth_Negative
2025-07-24 23:08:57 [main] INFO  com.bkstore.fastapi.tests.BookTests - Executing testCreateBook_NoAuth_Negative
2025-07-24 23:08:57 [main] INFO  com.bkstore.fastapi.tests.BookTests - testCreateBook_NoAuth_Negative PASSED.
2025-07-24 23:08:57 [main] INFO  com.bkstore.fastapi.listeners.ExtentReporterNG - Test method passed : testCreateBook_NoAuth_Negative
2025-07-24 23:08:57 [main] INFO  com.bkstore.fastapi.listeners.ExtentReporterNG - Starting test method: testGetBookById_NotFound_Negative
2025-07-24 23:08:57 [main] INFO  com.bkstore.fastapi.tests.BookTests - Executing testGetBookById_NotFound_Negative
2025-07-24 23:08:57 [main] INFO  com.bkstore.fastapi.tests.BookTests - testGetBookById_NotFound_Negative PASSED.
2025-07-24 23:08:57 [main] INFO  com.bkstore.fastapi.listeners.ExtentReporterNG - Test method passed : testGetBookById_NotFound_Negative
2025-07-24 23:08:57 [main] INFO  com.bkstore.fastapi.listeners.ExtentReporterNG - Starting test method: testDeleteBookById_NotFound_Negative
2025-07-24 23:08:57 [main] INFO  com.bkstore.fastapi.tests.BookTests - Executing testDeleteBookById_NotFound_Negative
2025-07-24 23:08:57 [main] INFO  com.bkstore.fastapi.tests.BookTests - testDeleteBookById_NotFound_Negative PASSED.
2025-07-24 23:08:57 [main] INFO  com.bkstore.fastapi.listeners.ExtentReporterNG - Test method passed : testDeleteBookById_NotFound_Negative
2025-07-24 23:08:57 [main] INFO  com.bkstore.fastapi.listeners.ExtentReporterNG - Test context finished: APITests
