<?xml version="1.0" encoding="UTF-8"?>
<testng-results ignored="0" total="16" passed="15" failed="1" skipped="0">
  <reporter-output>
  </reporter-output>
  <suite started-at="2025-07-24T23:08:51 IST" name="RestAssuredSuite" finished-at="2025-07-24T23:08:57 IST" duration-ms="6140">
    <groups>
    </groups>
    <test started-at="2025-07-24T23:08:51 IST" name="APITests" finished-at="2025-07-24T23:08:57 IST" duration-ms="6140">
      <class name="com.bkstore.fastapi.tests.UserTests">
        <test-method is-config="true" signature="setupAuthService()[pri:0, instance:com.bkstore.fastapi.tests.UserTests@18a3962d]" started-at="2025-07-24T23:08:53 IST" name="setupAuthService" finished-at="2025-07-24T23:08:53 IST" duration-ms="2" status="PASS">
          <reporter-output>
          </reporter-output>
        </test-method> <!-- setupAuthService -->
        <test-method signature="testUserSignup_Positive()[pri:1, instance:com.bkstore.fastapi.tests.UserTests@18a3962d]" started-at="2025-07-24T23:08:53 IST" name="testUserSignup_Positive" description="Positive: Verify POST /signup creates a new user with random ID" finished-at="2025-07-24T23:08:53 IST" duration-ms="780" status="PASS">
          <reporter-output>
          </reporter-output>
        </test-method> <!-- testUserSignup_Positive -->
        <test-method signature="testUserSignup_ExistingEmail_Negative()[pri:2, instance:com.bkstore.fastapi.tests.UserTests@18a3962d]" started-at="2025-07-24T23:08:53 IST" name="testUserSignup_ExistingEmail_Negative" description="Negative: POST /signup with existing email returns 400 status" finished-at="2025-07-24T23:08:53 IST" depends-on-methods="com.bkstore.fastapi.tests.UserTests.testUserSignup_Positive" duration-ms="42" status="PASS">
          <reporter-output>
          </reporter-output>
        </test-method> <!-- testUserSignup_ExistingEmail_Negative -->
        <test-method signature="testUserSignup_MissingEmail_Negative()[pri:3, instance:com.bkstore.fastapi.tests.UserTests@18a3962d]" started-at="2025-07-24T23:08:53 IST" name="testUserSignup_MissingEmail_Negative" description="Negative: POST /signup with missing email returns 500 internal server error" finished-at="2025-07-24T23:08:54 IST" duration-ms="424" status="PASS">
          <reporter-output>
          </reporter-output>
        </test-method> <!-- testUserSignup_MissingEmail_Negative -->
        <test-method signature="testUserSignup_MissingPassword_Negative()[pri:4, instance:com.bkstore.fastapi.tests.UserTests@18a3962d]" started-at="2025-07-24T23:08:54 IST" name="testUserSignup_MissingPassword_Negative" description="Negative: POST /signup with null password returns 500" finished-at="2025-07-24T23:08:54 IST" duration-ms="28" status="PASS">
          <reporter-output>
          </reporter-output>
        </test-method> <!-- testUserSignup_MissingPassword_Negative -->
        <test-method signature="testUserSignup_InvalidEmailFormat_Negative()[pri:5, instance:com.bkstore.fastapi.tests.UserTests@18a3962d]" started-at="2025-07-24T23:08:54 IST" name="testUserSignup_InvalidEmailFormat_Negative" description="Negative: POST /signup with invalid email format returns 500" finished-at="2025-07-24T23:08:54 IST" duration-ms="52" status="FAIL">
          <exception class="java.lang.AssertionError">
            <message>
              <![CDATA[1 expectation failed.
Expected status code <500> but was <400>.
]]>
            </message>
            <full-stacktrace>
              <![CDATA[java.lang.AssertionError: 1 expectation failed.
Expected status code <500> but was <400>.

at java.base/jdk.internal.reflect.NativeConstructorAccessorImpl.newInstance0(Native Method)
at java.base/jdk.internal.reflect.NativeConstructorAccessorImpl.newInstance(NativeConstructorAccessorImpl.java:62)
at java.base/jdk.internal.reflect.DelegatingConstructorAccessorImpl.newInstance(DelegatingConstructorAccessorImpl.java:45)
at java.base/java.lang.reflect.Constructor.newInstance(Constructor.java:490)
at org.codehaus.groovy.reflection.CachedConstructor.invoke(CachedConstructor.java:73)
at org.codehaus.groovy.reflection.CachedConstructor.doConstructorInvoke(CachedConstructor.java:60)
at org.codehaus.groovy.runtime.callsite.ConstructorSite$ConstructorSiteNoUnwrap.callConstructor(ConstructorSite.java:86)
at org.codehaus.groovy.runtime.callsite.CallSiteArray.defaultCallConstructor(CallSiteArray.java:57)
at org.codehaus.groovy.runtime.callsite.AbstractCallSite.callConstructor(AbstractCallSite.java:263)
at org.codehaus.groovy.runtime.callsite.AbstractCallSite.callConstructor(AbstractCallSite.java:277)
at io.restassured.internal.ResponseSpecificationImpl$HamcrestAssertionClosure.validate(ResponseSpecificationImpl.groovy:512)
at io.restassured.internal.ResponseSpecificationImpl$HamcrestAssertionClosure$validate$1.call(Unknown Source)
at io.restassured.internal.ResponseSpecificationImpl.validateResponseIfRequired(ResponseSpecificationImpl.groovy:696)
at io.restassured.internal.ResponseSpecificationImpl.this$2$validateResponseIfRequired(ResponseSpecificationImpl.groovy)
at java.base/jdk.internal.reflect.NativeMethodAccessorImpl.invoke0(Native Method)
at java.base/jdk.internal.reflect.NativeMethodAccessorImpl.invoke(NativeMethodAccessorImpl.java:62)
at java.base/jdk.internal.reflect.DelegatingMethodAccessorImpl.invoke(DelegatingMethodAccessorImpl.java:43)
at java.base/java.lang.reflect.Method.invoke(Method.java:566)
at org.codehaus.groovy.runtime.callsite.PlainObjectMetaMethodSite.doInvoke(PlainObjectMetaMethodSite.java:43)
at org.codehaus.groovy.runtime.callsite.PogoMetaMethodSite$PogoCachedMethodSiteNoUnwrapNoCoerce.invoke(PogoMetaMethodSite.java:198)
at org.codehaus.groovy.runtime.callsite.PogoMetaMethodSite.callCurrent(PogoMetaMethodSite.java:62)
at org.codehaus.groovy.runtime.callsite.AbstractCallSite.callCurrent(AbstractCallSite.java:185)
at io.restassured.internal.ResponseSpecificationImpl.statusCode(ResponseSpecificationImpl.groovy:135)
at io.restassured.specification.ResponseSpecification$statusCode$0.callCurrent(Unknown Source)
at io.restassured.internal.ResponseSpecificationImpl.statusCode(ResponseSpecificationImpl.groovy:143)
at io.restassured.internal.ValidatableResponseOptionsImpl.statusCode(ValidatableResponseOptionsImpl.java:89)
at com.bkstore.fastapi.tests.UserTests.testUserSignup_InvalidEmailFormat_Negative(UserTests.java:161)
at java.base/jdk.internal.reflect.NativeMethodAccessorImpl.invoke0(Native Method)
at java.base/jdk.internal.reflect.NativeMethodAccessorImpl.invoke(NativeMethodAccessorImpl.java:62)
at java.base/jdk.internal.reflect.DelegatingMethodAccessorImpl.invoke(DelegatingMethodAccessorImpl.java:43)
at java.base/java.lang.reflect.Method.invoke(Method.java:566)
at org.testng.internal.invokers.MethodInvocationHelper.invokeMethod(MethodInvocationHelper.java:141)
at org.testng.internal.invokers.TestInvoker.invokeMethod(TestInvoker.java:686)
at org.testng.internal.invokers.TestInvoker.invokeTestMethod(TestInvoker.java:230)
at org.testng.internal.invokers.MethodRunner.runInSequence(MethodRunner.java:63)
at org.testng.internal.invokers.TestInvoker$MethodInvocationAgent.invoke(TestInvoker.java:992)
at org.testng.internal.invokers.TestInvoker.invokeTestMethods(TestInvoker.java:203)
at org.testng.internal.invokers.TestMethodWorker.invokeTestMethods(TestMethodWorker.java:154)
at org.testng.internal.invokers.TestMethodWorker.run(TestMethodWorker.java:134)
at java.base/java.util.ArrayList.forEach(ArrayList.java:1541)
at org.testng.TestRunner.privateRun(TestRunner.java:739)
at org.testng.TestRunner.run(TestRunner.java:614)
at org.testng.SuiteRunner.runTest(SuiteRunner.java:421)
at org.testng.SuiteRunner.runSequentially(SuiteRunner.java:413)
at org.testng.SuiteRunner.privateRun(SuiteRunner.java:373)
at org.testng.SuiteRunner.run(SuiteRunner.java:312)
at org.testng.SuiteRunnerWorker.runSuite(SuiteRunnerWorker.java:52)
at org.testng.SuiteRunnerWorker.run(SuiteRunnerWorker.java:95)
at org.testng.TestNG.runSuitesSequentially(TestNG.java:1274)
at org.testng.TestNG.runSuitesLocally(TestNG.java:1208)
at org.testng.TestNG.runSuites(TestNG.java:1112)
at org.testng.TestNG.run(TestNG.java:1079)
at org.apache.maven.surefire.testng.TestNGExecutor.run(TestNGExecutor.java:308)
at org.apache.maven.surefire.testng.TestNGXmlTestSuite.execute(TestNGXmlTestSuite.java:71)
at org.apache.maven.surefire.testng.TestNGProvider.invoke(TestNGProvider.java:113)
at org.apache.maven.surefire.booter.ForkedBooter.runSuitesInProcess(ForkedBooter.java:385)
at org.apache.maven.surefire.booter.ForkedBooter.execute(ForkedBooter.java:162)
at org.apache.maven.surefire.booter.ForkedBooter.run(ForkedBooter.java:507)
at org.apache.maven.surefire.booter.ForkedBooter.main(ForkedBooter.java:495)
]]>
            </full-stacktrace>
          </exception> <!-- java.lang.AssertionError -->
          <reporter-output>
          </reporter-output>
        </test-method> <!-- testUserSignup_InvalidEmailFormat_Negative -->
        <test-method signature="testUserLogin_Positive_Chained()[pri:6, instance:com.bkstore.fastapi.tests.UserTests@18a3962d]" started-at="2025-07-24T23:08:54 IST" name="testUserLogin_Positive_Chained" description="Positive: Verify POST /login logs in the previously signed up user (Chained)" finished-at="2025-07-24T23:08:55 IST" depends-on-methods="com.bkstore.fastapi.tests.UserTests.testUserSignup_Positive" duration-ms="558" status="PASS">
          <reporter-output>
          </reporter-output>
        </test-method> <!-- testUserLogin_Positive_Chained -->
        <test-method signature="testUserLogin_InvalidCredentials_Negative()[pri:7, instance:com.bkstore.fastapi.tests.UserTests@18a3962d]" started-at="2025-07-24T23:08:55 IST" name="testUserLogin_InvalidCredentials_Negative" description="Negative: POST /login with invalid credentials returns 400 Bad request" finished-at="2025-07-24T23:08:55 IST" duration-ms="40" status="PASS">
          <reporter-output>
          </reporter-output>
        </test-method> <!-- testUserLogin_InvalidCredentials_Negative -->
      </class> <!-- com.bkstore.fastapi.tests.UserTests -->
      <class name="com.bkstore.fastapi.tests.BookTests">
        <test-method is-config="true" signature="setupAuthenticationAndServices()[pri:0, instance:com.bkstore.fastapi.tests.BookTests@78aea4b9]" started-at="2025-07-24T23:08:55 IST" name="setupAuthenticationAndServices" finished-at="2025-07-24T23:08:56 IST" duration-ms="1238" status="PASS">
          <reporter-output>
          </reporter-output>
        </test-method> <!-- setupAuthenticationAndServices -->
        <test-method signature="testCreateBook_Positive()[pri:1, instance:com.bkstore.fastapi.tests.BookTests@78aea4b9]" started-at="2025-07-24T23:08:56 IST" name="testCreateBook_Positive" description="Verify POST /books creates a new book with authentication" finished-at="2025-07-24T23:08:56 IST" duration-ms="185" status="PASS">
          <reporter-output>
          </reporter-output>
        </test-method> <!-- testCreateBook_Positive -->
        <test-method signature="testGetBookById_Positive()[pri:2, instance:com.bkstore.fastapi.tests.BookTests@78aea4b9]" started-at="2025-07-24T23:08:56 IST" name="testGetBookById_Positive" description="Verify GET /books/{id} retrieves the created book with authentication" finished-at="2025-07-24T23:08:56 IST" depends-on-methods="com.bkstore.fastapi.tests.BookTests.testCreateBook_Positive" duration-ms="49" status="PASS">
          <reporter-output>
          </reporter-output>
        </test-method> <!-- testGetBookById_Positive -->
        <test-method signature="testUpdateBookById_Positive()[pri:3, instance:com.bkstore.fastapi.tests.BookTests@78aea4b9]" started-at="2025-07-24T23:08:56 IST" name="testUpdateBookById_Positive" description="Verify PUT /books/{id} updates an existing book with authentication" finished-at="2025-07-24T23:08:57 IST" depends-on-methods="com.bkstore.fastapi.tests.BookTests.testCreateBook_Positive" duration-ms="445" status="PASS">
          <reporter-output>
          </reporter-output>
        </test-method> <!-- testUpdateBookById_Positive -->
        <test-method signature="testDeleteBookById_Positive()[pri:4, instance:com.bkstore.fastapi.tests.BookTests@78aea4b9]" started-at="2025-07-24T23:08:57 IST" name="testDeleteBookById_Positive" description="Verify DELETE /books/{id} deletes a book with authentication" finished-at="2025-07-24T23:08:57 IST" depends-on-methods="com.bkstore.fastapi.tests.BookTests.testCreateBook_Positive" duration-ms="129" status="PASS">
          <reporter-output>
          </reporter-output>
        </test-method> <!-- testDeleteBookById_Positive -->
        <test-method signature="testGetAllBooks_Positive()[pri:5, instance:com.bkstore.fastapi.tests.BookTests@78aea4b9]" started-at="2025-07-24T23:08:57 IST" name="testGetAllBooks_Positive" description="Verify GET /books/ retrieves all books with authentication" finished-at="2025-07-24T23:08:57 IST" duration-ms="65" status="PASS">
          <reporter-output>
          </reporter-output>
        </test-method> <!-- testGetAllBooks_Positive -->
        <test-method signature="testCreateBook_NoAuth_Negative()[pri:6, instance:com.bkstore.fastapi.tests.BookTests@78aea4b9]" started-at="2025-07-24T23:08:57 IST" name="testCreateBook_NoAuth_Negative" description="Verify POST /books without authentication returns 401 Unauthorized" finished-at="2025-07-24T23:08:57 IST" duration-ms="32" status="PASS">
          <reporter-output>
          </reporter-output>
        </test-method> <!-- testCreateBook_NoAuth_Negative -->
        <test-method signature="testGetBookById_NotFound_Negative()[pri:7, instance:com.bkstore.fastapi.tests.BookTests@78aea4b9]" started-at="2025-07-24T23:08:57 IST" name="testGetBookById_NotFound_Negative" description="Verify GET /books/{id} with non-existent ID returns 404 Not Found" finished-at="2025-07-24T23:08:57 IST" duration-ms="32" status="PASS">
          <reporter-output>
          </reporter-output>
        </test-method> <!-- testGetBookById_NotFound_Negative -->
        <test-method signature="testDeleteBookById_NotFound_Negative()[pri:8, instance:com.bkstore.fastapi.tests.BookTests@78aea4b9]" started-at="2025-07-24T23:08:57 IST" name="testDeleteBookById_NotFound_Negative" description="Verify DELETE /books/{id} with non-existent ID returns 404 Not Found" finished-at="2025-07-24T23:08:57 IST" duration-ms="46" status="PASS">
          <reporter-output>
          </reporter-output>
        </test-method> <!-- testDeleteBookById_NotFound_Negative -->
      </class> <!-- com.bkstore.fastapi.tests.BookTests -->
      <class name="com.bkstore.fastapi.tests.common.HealthCheckTests">
        <test-method is-config="true" signature="setup()[pri:0, instance:com.bkstore.fastapi.tests.common.HealthCheckTests@53e211ee]" started-at="2025-07-24T23:08:50 IST" name="setup" finished-at="2025-07-24T23:08:51 IST" duration-ms="679" status="PASS">
          <reporter-output>
          </reporter-output>
        </test-method> <!-- setup -->
        <test-method signature="testApiHealthCheck()[pri:0, instance:com.bkstore.fastapi.tests.common.HealthCheckTests@53e211ee]" started-at="2025-07-24T23:08:51 IST" name="testApiHealthCheck" description="Verify API health check endpoint is reachable and returns 200 OK" finished-at="2025-07-24T23:08:53 IST" duration-ms="1675" status="PASS">
          <reporter-output>
          </reporter-output>
        </test-method> <!-- testApiHealthCheck -->
      </class> <!-- com.bkstore.fastapi.tests.common.HealthCheckTests -->
    </test> <!-- APITests -->
  </suite> <!-- RestAssuredSuite -->
</testng-results>
